<?xml version="1.0" encoding="UTF-8"?>
<testsuite xmlns:xsi="http://www.w3.org/2001/XMLSchema-instance" xsi:noNamespaceSchemaLocation="https://maven.apache.org/surefire/maven-surefire-plugin/xsd/surefire-test-report-3.0.xsd" version="3.0" name="TestSuite" time="177.541" tests="8" errors="0" skipped="0" failures="0">
  <properties>
    <property name="java.specification.version" value="21"/>
    <property name="webdriver.chrome.driver" value="C:\Users\harshil.suthar\.cache\selenium\chromedriver\win64\122.0.6261.128\chromedriver.exe"/>
    <property name="sun.cpu.isalist" value="amd64"/>
    <property name="sun.jnu.encoding" value="Cp1252"/>
    <property name="java.class.path" value="C:\Users\harshil.suthar\eclipse-workspace\PS-parent-Project\UI-Testing\target\test-classes;C:\Users\harshil.suthar\eclipse-workspace\PS-parent-Project\UI-Testing\target\classes;C:\Users\harshil.suthar\.m2\repository\org\seleniumhq\selenium\selenium-java\4.8.2\selenium-java-4.8.2.jar;C:\Users\harshil.suthar\.m2\repository\org\seleniumhq\selenium\selenium-api\4.8.2\selenium-api-4.8.2.jar;C:\Users\harshil.suthar\.m2\repository\org\seleniumhq\selenium\selenium-chrome-driver\4.8.2\selenium-chrome-driver-4.8.2.jar;C:\Users\harshil.suthar\.m2\repository\com\google\auto\service\auto-service-annotations\1.0.1\auto-service-annotations-1.0.1.jar;C:\Users\harshil.suthar\.m2\repository\com\google\auto\service\auto-service\1.0.1\auto-service-1.0.1.jar;C:\Users\harshil.suthar\.m2\repository\com\google\auto\auto-common\1.2\auto-common-1.2.jar;C:\Users\harshil.suthar\.m2\repository\com\google\guava\guava\31.1-jre\guava-31.1-jre.jar;C:\Users\harshil.suthar\.m2\repository\com\google\guava\failureaccess\1.0.1\failureaccess-1.0.1.jar;C:\Users\harshil.suthar\.m2\repository\com\google\guava\listenablefuture\9999.0-empty-to-avoid-conflict-with-guava\listenablefuture-9999.0-empty-to-avoid-conflict-with-guava.jar;C:\Users\harshil.suthar\.m2\repository\com\google\code\findbugs\jsr305\3.0.2\jsr305-3.0.2.jar;C:\Users\harshil.suthar\.m2\repository\org\checkerframework\checker-qual\3.12.0\checker-qual-3.12.0.jar;C:\Users\harshil.suthar\.m2\repository\com\google\errorprone\error_prone_annotations\2.11.0\error_prone_annotations-2.11.0.jar;C:\Users\harshil.suthar\.m2\repository\com\google\j2objc\j2objc-annotations\1.3\j2objc-annotations-1.3.jar;C:\Users\harshil.suthar\.m2\repository\org\seleniumhq\selenium\selenium-chromium-driver\4.8.2\selenium-chromium-driver-4.8.2.jar;C:\Users\harshil.suthar\.m2\repository\org\seleniumhq\selenium\selenium-json\4.8.2\selenium-json-4.8.2.jar;C:\Users\harshil.suthar\.m2\repository\org\seleniumhq\selenium\selenium-manager\4.8.2\selenium-manager-4.8.2.jar;C:\Users\harshil.suthar\.m2\repository\org\seleniumhq\selenium\selenium-devtools-v109\4.8.2\selenium-devtools-v109-4.8.2.jar;C:\Users\harshil.suthar\.m2\repository\org\seleniumhq\selenium\selenium-devtools-v110\4.8.2\selenium-devtools-v110-4.8.2.jar;C:\Users\harshil.suthar\.m2\repository\org\seleniumhq\selenium\selenium-devtools-v111\4.8.2\selenium-devtools-v111-4.8.2.jar;C:\Users\harshil.suthar\.m2\repository\org\seleniumhq\selenium\selenium-devtools-v85\4.8.2\selenium-devtools-v85-4.8.2.jar;C:\Users\harshil.suthar\.m2\repository\org\seleniumhq\selenium\selenium-edge-driver\4.8.2\selenium-edge-driver-4.8.2.jar;C:\Users\harshil.suthar\.m2\repository\org\seleniumhq\selenium\selenium-firefox-driver\4.8.2\selenium-firefox-driver-4.8.2.jar;C:\Users\harshil.suthar\.m2\repository\org\seleniumhq\selenium\selenium-http\4.8.2\selenium-http-4.8.2.jar;C:\Users\harshil.suthar\.m2\repository\dev\failsafe\failsafe\3.3.1\failsafe-3.3.1.jar;C:\Users\harshil.suthar\.m2\repository\org\seleniumhq\selenium\selenium-ie-driver\4.8.2\selenium-ie-driver-4.8.2.jar;C:\Users\harshil.suthar\.m2\repository\org\seleniumhq\selenium\selenium-remote-driver\4.8.2\selenium-remote-driver-4.8.2.jar;C:\Users\harshil.suthar\.m2\repository\io\netty\netty-buffer\4.1.90.Final\netty-buffer-4.1.90.Final.jar;C:\Users\harshil.suthar\.m2\repository\io\netty\netty-codec-http\4.1.90.Final\netty-codec-http-4.1.90.Final.jar;C:\Users\harshil.suthar\.m2\repository\io\netty\netty-codec\4.1.90.Final\netty-codec-4.1.90.Final.jar;C:\Users\harshil.suthar\.m2\repository\io\netty\netty-handler\4.1.90.Final\netty-handler-4.1.90.Final.jar;C:\Users\harshil.suthar\.m2\repository\io\netty\netty-common\4.1.90.Final\netty-common-4.1.90.Final.jar;C:\Users\harshil.suthar\.m2\repository\io\netty\netty-transport-classes-epoll\4.1.90.Final\netty-transport-classes-epoll-4.1.90.Final.jar;C:\Users\harshil.suthar\.m2\repository\io\netty\netty-transport-classes-kqueue\4.1.90.Final\netty-transport-classes-kqueue-4.1.90.Final.jar;C:\Users\harshil.suthar\.m2\repository\io\netty\netty-transport-native-epoll\4.1.90.Final\netty-transport-native-epoll-4.1.90.Final.jar;C:\Users\harshil.suthar\.m2\repository\io\netty\netty-transport-native-kqueue\4.1.90.Final\netty-transport-native-kqueue-4.1.90.Final.jar;C:\Users\harshil.suthar\.m2\repository\io\netty\netty-transport-native-unix-common\4.1.90.Final\netty-transport-native-unix-common-4.1.90.Final.jar;C:\Users\harshil.suthar\.m2\repository\io\netty\netty-transport\4.1.90.Final\netty-transport-4.1.90.Final.jar;C:\Users\harshil.suthar\.m2\repository\io\netty\netty-resolver\4.1.90.Final\netty-resolver-4.1.90.Final.jar;C:\Users\harshil.suthar\.m2\repository\io\opentelemetry\opentelemetry-api\1.24.0\opentelemetry-api-1.24.0.jar;C:\Users\harshil.suthar\.m2\repository\io\opentelemetry\opentelemetry-context\1.24.0\opentelemetry-context-1.24.0.jar;C:\Users\harshil.suthar\.m2\repository\io\opentelemetry\opentelemetry-exporter-logging\1.24.0\opentelemetry-exporter-logging-1.24.0.jar;C:\Users\harshil.suthar\.m2\repository\io\opentelemetry\opentelemetry-sdk-metrics\1.24.0\opentelemetry-sdk-metrics-1.24.0.jar;C:\Users\harshil.suthar\.m2\repository\io\opentelemetry\opentelemetry-sdk-logs\1.24.0-alpha\opentelemetry-sdk-logs-1.24.0-alpha.jar;C:\Users\harshil.suthar\.m2\repository\io\opentelemetry\opentelemetry-api-logs\1.24.0-alpha\opentelemetry-api-logs-1.24.0-alpha.jar;C:\Users\harshil.suthar\.m2\repository\io\opentelemetry\opentelemetry-api-events\1.24.0-alpha\opentelemetry-api-events-1.24.0-alpha.jar;C:\Users\harshil.suthar\.m2\repository\io\opentelemetry\opentelemetry-sdk-common\1.24.0\opentelemetry-sdk-common-1.24.0.jar;C:\Users\harshil.suthar\.m2\repository\io\opentelemetry\opentelemetry-sdk-extension-autoconfigure-spi\1.24.0\opentelemetry-sdk-extension-autoconfigure-spi-1.24.0.jar;C:\Users\harshil.suthar\.m2\repository\io\opentelemetry\opentelemetry-sdk-extension-autoconfigure\1.24.0-alpha\opentelemetry-sdk-extension-autoconfigure-1.24.0-alpha.jar;C:\Users\harshil.suthar\.m2\repository\io\opentelemetry\opentelemetry-sdk-trace\1.24.0\opentelemetry-sdk-trace-1.24.0.jar;C:\Users\harshil.suthar\.m2\repository\io\opentelemetry\opentelemetry-sdk\1.24.0\opentelemetry-sdk-1.24.0.jar;C:\Users\harshil.suthar\.m2\repository\io\opentelemetry\opentelemetry-semconv\1.24.0-alpha\opentelemetry-semconv-1.24.0-alpha.jar;C:\Users\harshil.suthar\.m2\repository\io\ous\jtoml\2.0.0\jtoml-2.0.0.jar;C:\Users\harshil.suthar\.m2\repository\net\bytebuddy\byte-buddy\1.14.2\byte-buddy-1.14.2.jar;C:\Users\harshil.suthar\.m2\repository\org\apache\commons\commons-exec\1.3\commons-exec-1.3.jar;C:\Users\harshil.suthar\.m2\repository\org\asynchttpclient\async-http-client\2.12.3\async-http-client-2.12.3.jar;C:\Users\harshil.suthar\.m2\repository\org\asynchttpclient\async-http-client-netty-utils\2.12.3\async-http-client-netty-utils-2.12.3.jar;C:\Users\harshil.suthar\.m2\repository\io\netty\netty-codec-socks\4.1.60.Final\netty-codec-socks-4.1.60.Final.jar;C:\Users\harshil.suthar\.m2\repository\io\netty\netty-handler-proxy\4.1.60.Final\netty-handler-proxy-4.1.60.Final.jar;C:\Users\harshil.suthar\.m2\repository\io\netty\netty-transport-native-epoll\4.1.60.Final\netty-transport-native-epoll-4.1.60.Final-linux-x86_64.jar;C:\Users\harshil.suthar\.m2\repository\io\netty\netty-transport-native-kqueue\4.1.60.Final\netty-transport-native-kqueue-4.1.60.Final-osx-x86_64.jar;C:\Users\harshil.suthar\.m2\repository\com\typesafe\netty\netty-reactive-streams\2.0.4\netty-reactive-streams-2.0.4.jar;C:\Users\harshil.suthar\.m2\repository\com\sun\activation\jakarta.activation\1.2.2\jakarta.activation-1.2.2.jar;C:\Users\harshil.suthar\.m2\repository\org\seleniumhq\selenium\selenium-safari-driver\4.8.2\selenium-safari-driver-4.8.2.jar;C:\Users\harshil.suthar\.m2\repository\org\seleniumhq\selenium\selenium-support\4.8.2\selenium-support-4.8.2.jar;C:\Users\harshil.suthar\.m2\repository\org\projectlombok\lombok\1.18.30\lombok-1.18.30.jar;C:\Users\harshil.suthar\.m2\repository\io\cucumber\cucumber-testng\7.8.0\cucumber-testng-7.8.0.jar;C:\Users\harshil.suthar\.m2\repository\org\apiguardian\apiguardian-api\1.1.2\apiguardian-api-1.1.2.jar;C:\Users\harshil.suthar\.m2\repository\io\cucumber\cucumber-core\7.8.0\cucumber-core-7.8.0.jar;C:\Users\harshil.suthar\.m2\repository\io\cucumber\cucumber-gherkin\7.8.0\cucumber-gherkin-7.8.0.jar;C:\Users\harshil.suthar\.m2\repository\io\cucumber\cucumber-gherkin-messages\7.8.0\cucumber-gherkin-messages-7.8.0.jar;C:\Users\harshil.suthar\.m2\repository\io\cucumber\gherkin\24.0.0\gherkin-24.0.0.jar;C:\Users\harshil.suthar\.m2\repository\io\cucumber\messages\19.1.2\messages-19.1.2.jar;C:\Users\harshil.suthar\.m2\repository\io\cucumber\tag-expressions\4.1.0\tag-expressions-4.1.0.jar;C:\Users\harshil.suthar\.m2\repository\io\cucumber\cucumber-expressions\16.0.0\cucumber-expressions-16.0.0.jar;C:\Users\harshil.suthar\.m2\repository\io\cucumber\datatable\7.8.0\datatable-7.8.0.jar;C:\Users\harshil.suthar\.m2\repository\io\cucumber\cucumber-plugin\7.8.0\cucumber-plugin-7.8.0.jar;C:\Users\harshil.suthar\.m2\repository\io\cucumber\docstring\7.8.0\docstring-7.8.0.jar;C:\Users\harshil.suthar\.m2\repository\io\cucumber\html-formatter\20.1.0\html-formatter-20.1.0.jar;C:\Users\harshil.suthar\.m2\repository\io\cucumber\ci-environment\9.1.0\ci-environment-9.1.0.jar;C:\Users\harshil.suthar\.m2\repository\io\cucumber\cucumber-picocontainer\7.8.0\cucumber-picocontainer-7.8.0.jar;C:\Users\harshil.suthar\.m2\repository\org\picocontainer\picocontainer\2.15\picocontainer-2.15.jar;C:\Users\harshil.suthar\.m2\repository\io\github\bonigarcia\webdrivermanager\5.5.3\webdrivermanager-5.5.3.jar;C:\Users\harshil.suthar\.m2\repository\org\slf4j\slf4j-api\2.0.7\slf4j-api-2.0.7.jar;C:\Users\harshil.suthar\.m2\repository\com\google\code\gson\gson\2.10.1\gson-2.10.1.jar;C:\Users\harshil.suthar\.m2\repository\com\github\docker-java\docker-java\3.3.3\docker-java-3.3.3.jar;C:\Users\harshil.suthar\.m2\repository\com\github\docker-java\docker-java-core\3.3.3\docker-java-core-3.3.3.jar;C:\Users\harshil.suthar\.m2\repository\com\github\docker-java\docker-java-api\3.3.3\docker-java-api-3.3.3.jar;C:\Users\harshil.suthar\.m2\repository\com\fasterxml\jackson\core\jackson-annotations\2.10.3\jackson-annotations-2.10.3.jar;C:\Users\harshil.suthar\.m2\repository\commons-io\commons-io\2.6\commons-io-2.6.jar;C:\Users\harshil.suthar\.m2\repository\org\apache\commons\commons-compress\1.21\commons-compress-1.21.jar;C:\Users\harshil.suthar\.m2\repository\com\fasterxml\jackson\core\jackson-databind\2.10.3\jackson-databind-2.10.3.jar;C:\Users\harshil.suthar\.m2\repository\com\fasterxml\jackson\core\jackson-core\2.10.3\jackson-core-2.10.3.jar;C:\Users\harshil.suthar\.m2\repository\org\bouncycastle\bcpkix-jdk18on\1.75\bcpkix-jdk18on-1.75.jar;C:\Users\harshil.suthar\.m2\repository\org\bouncycastle\bcprov-jdk18on\1.75\bcprov-jdk18on-1.75.jar;C:\Users\harshil.suthar\.m2\repository\org\bouncycastle\bcutil-jdk18on\1.75\bcutil-jdk18on-1.75.jar;C:\Users\harshil.suthar\.m2\repository\org\slf4j\jcl-over-slf4j\1.7.30\jcl-over-slf4j-1.7.30.jar;C:\Users\harshil.suthar\.m2\repository\com\github\docker-java\docker-java-transport-httpclient5\3.3.3\docker-java-transport-httpclient5-3.3.3.jar;C:\Users\harshil.suthar\.m2\repository\com\github\docker-java\docker-java-transport\3.3.3\docker-java-transport-3.3.3.jar;C:\Users\harshil.suthar\.m2\repository\net\java\dev\jna\jna\5.12.1\jna-5.12.1.jar;C:\Users\harshil.suthar\.m2\repository\org\brotli\dec\0.1.2\dec-0.1.2.jar;C:\Users\harshil.suthar\.m2\repository\org\apache\commons\commons-lang3\3.13.0\commons-lang3-3.13.0.jar;C:\Users\harshil.suthar\.m2\repository\org\apache\httpcomponents\client5\httpclient5\5.2.1\httpclient5-5.2.1.jar;C:\Users\harshil.suthar\.m2\repository\org\apache\httpcomponents\core5\httpcore5\5.2\httpcore5-5.2.jar;C:\Users\harshil.suthar\.m2\repository\org\apache\httpcomponents\core5\httpcore5-h2\5.2\httpcore5-h2-5.2.jar;C:\Users\harshil.suthar\.m2\repository\com\aventstack\extentreports\5.0.9\extentreports-5.0.9.jar;C:\Users\harshil.suthar\.m2\repository\io\reactivex\rxjava3\rxjava\3.0.4\rxjava-3.0.4.jar;C:\Users\harshil.suthar\.m2\repository\org\reactivestreams\reactive-streams\1.0.3\reactive-streams-1.0.3.jar;C:\Users\harshil.suthar\.m2\repository\org\freemarker\freemarker\2.3.30\freemarker-2.3.30.jar;C:\Users\harshil.suthar\.m2\repository\tech\grasshopper\extentreports-cucumber7-adapter\1.9.2\extentreports-cucumber7-adapter-1.9.2.jar;C:\Users\harshil.suthar\.m2\repository\tech\grasshopper\extent-pdf-report\2.9.1\extent-pdf-report-2.9.1.jar;C:\Users\harshil.suthar\.m2\repository\tech\grasshopper\cucumber-pdf-report\2.11.1\cucumber-pdf-report-2.11.1.jar;C:\Users\harshil.suthar\.m2\repository\org\apache\pdfbox\pdfbox\2.0.26\pdfbox-2.0.26.jar;C:\Users\harshil.suthar\.m2\repository\org\apache\pdfbox\fontbox\2.0.26\fontbox-2.0.26.jar;C:\Users\harshil.suthar\.m2\repository\org\knowm\xchart\xchart\3.8.0\xchart-3.8.0.jar;C:\Users\harshil.suthar\.m2\repository\de\erichseifert\vectorgraphics2d\VectorGraphics2D\0.13\VectorGraphics2D-0.13.jar;C:\Users\harshil.suthar\.m2\repository\de\rototor\pdfbox\graphics2d\0.30\graphics2d-0.30.jar;C:\Users\harshil.suthar\.m2\repository\com\madgag\animated-gif-lib\1.4\animated-gif-lib-1.4.jar;C:\Users\harshil.suthar\.m2\repository\org\yaml\snakeyaml\1.28\snakeyaml-1.28.jar;C:\Users\harshil.suthar\.m2\repository\tech\grasshopper\table-layout\1.5.1\table-layout-1.5.1.jar;C:\Users\harshil.suthar\.m2\repository\tech\grasshopper\rest-assured-cucumber-pdf-report\1.4.1\rest-assured-cucumber-pdf-report-1.4.1.jar;C:\Users\harshil.suthar\.m2\repository\org\jsoup\jsoup\1.15.3\jsoup-1.15.3.jar;C:\Users\harshil.suthar\.m2\repository\com\aventstack\klov-reporter\5.0.9\klov-reporter-5.0.9.jar;C:\Users\harshil.suthar\.m2\repository\org\mongodb\mongodb-driver\3.6.4\mongodb-driver-3.6.4.jar;C:\Users\harshil.suthar\.m2\repository\org\mongodb\mongodb-driver-core\3.6.4\mongodb-driver-core-3.6.4.jar;C:\Users\harshil.suthar\.m2\repository\org\mongodb\bson\3.6.4\bson-3.6.4.jar;C:\Users\harshil.suthar\.m2\repository\org\apache\httpcomponents\httpclient\4.5.13\httpclient-4.5.13.jar;C:\Users\harshil.suthar\.m2\repository\org\apache\httpcomponents\httpcore\4.4.13\httpcore-4.4.13.jar;C:\Users\harshil.suthar\.m2\repository\commons-logging\commons-logging\1.2\commons-logging-1.2.jar;C:\Users\harshil.suthar\.m2\repository\commons-codec\commons-codec\1.11\commons-codec-1.11.jar;C:\Users\harshil.suthar\.m2\repository\org\apache\httpcomponents\httpmime\4.5.13\httpmime-4.5.13.jar;C:\Users\harshil.suthar\.m2\repository\tech\grasshopper\htmlextentreporter\1.0.1\htmlextentreporter-1.0.1.jar;C:\Users\harshil.suthar\.m2\repository\org\apache\maven\plugins\maven-surefire-plugin\3.2.3\maven-surefire-plugin-3.2.3.jar;C:\Users\harshil.suthar\.m2\repository\org\apache\maven\surefire\maven-surefire-common\3.2.3\maven-surefire-common-3.2.3.jar;C:\Users\harshil.suthar\.m2\repository\org\apache\maven\surefire\surefire-api\3.2.3\surefire-api-3.2.3.jar;C:\Users\harshil.suthar\.m2\repository\org\apache\maven\surefire\surefire-logger-api\3.2.3\surefire-logger-api-3.2.3.jar;C:\Users\harshil.suthar\.m2\repository\org\apache\maven\surefire\surefire-extensions-api\3.2.3\surefire-extensions-api-3.2.3.jar;C:\Users\harshil.suthar\.m2\repository\org\apache\maven\surefire\surefire-booter\3.2.3\surefire-booter-3.2.3.jar;C:\Users\harshil.suthar\.m2\repository\org\apache\maven\surefire\surefire-extensions-spi\3.2.3\surefire-extensions-spi-3.2.3.jar;C:\Users\harshil.suthar\.m2\repository\org\eclipse\aether\aether-util\1.0.0.v20140518\aether-util-1.0.0.v20140518.jar;C:\Users\harshil.suthar\.m2\repository\org\eclipse\aether\aether-api\1.0.0.v20140518\aether-api-1.0.0.v20140518.jar;C:\Users\harshil.suthar\.m2\repository\org\apache\maven\shared\maven-common-artifact-filters\3.1.1\maven-common-artifact-filters-3.1.1.jar;C:\Users\harshil.suthar\.m2\repository\org\apache\maven\maven-artifact\3.1.0\maven-artifact-3.1.0.jar;C:\Users\harshil.suthar\.m2\repository\org\codehaus\plexus\plexus-utils\3.0.10\plexus-utils-3.0.10.jar;C:\Users\harshil.suthar\.m2\repository\org\apache\maven\maven-core\3.1.0\maven-core-3.1.0.jar;C:\Users\harshil.suthar\.m2\repository\org\apache\maven\maven-settings\3.1.0\maven-settings-3.1.0.jar;C:\Users\harshil.suthar\.m2\repository\org\apache\maven\maven-settings-builder\3.1.0\maven-settings-builder-3.1.0.jar;C:\Users\harshil.suthar\.m2\repository\org\apache\maven\maven-repository-metadata\3.1.0\maven-repository-metadata-3.1.0.jar;C:\Users\harshil.suthar\.m2\repository\org\apache\maven\maven-model-builder\3.1.0\maven-model-builder-3.1.0.jar;C:\Users\harshil.suthar\.m2\repository\org\apache\maven\maven-aether-provider\3.1.0\maven-aether-provider-3.1.0.jar;C:\Users\harshil.suthar\.m2\repository\org\eclipse\aether\aether-spi\0.9.0.M2\aether-spi-0.9.0.M2.jar;C:\Users\harshil.suthar\.m2\repository\org\eclipse\aether\aether-impl\0.9.0.M2\aether-impl-0.9.0.M2.jar;C:\Users\harshil.suthar\.m2\repository\org\eclipse\sisu\org.eclipse.sisu.plexus\0.0.0.M2a\org.eclipse.sisu.plexus-0.0.0.M2a.jar;C:\Users\harshil.suthar\.m2\repository\javax\enterprise\cdi-api\1.0\cdi-api-1.0.jar;C:\Users\harshil.suthar\.m2\repository\javax\annotation\jsr250-api\1.0\jsr250-api-1.0.jar;C:\Users\harshil.suthar\.m2\repository\javax\inject\javax.inject\1\javax.inject-1.jar;C:\Users\harshil.suthar\.m2\repository\org\sonatype\sisu\sisu-guice\3.1.0\sisu-guice-3.1.0-no_aop.jar;C:\Users\harshil.suthar\.m2\repository\aopalliance\aopalliance\1.0\aopalliance-1.0.jar;C:\Users\harshil.suthar\.m2\repository\org\eclipse\sisu\org.eclipse.sisu.inject\0.0.0.M2a\org.eclipse.sisu.inject-0.0.0.M2a.jar;C:\Users\harshil.suthar\.m2\repository\asm\asm\3.3.1\asm-3.3.1.jar;C:\Users\harshil.suthar\.m2\repository\org\codehaus\plexus\plexus-interpolation\1.16\plexus-interpolation-1.16.jar;C:\Users\harshil.suthar\.m2\repository\org\codehaus\plexus\plexus-classworlds\2.4.2\plexus-classworlds-2.4.2.jar;C:\Users\harshil.suthar\.m2\repository\org\codehaus\plexus\plexus-component-annotations\1.5.5\plexus-component-annotations-1.5.5.jar;C:\Users\harshil.suthar\.m2\repository\org\sonatype\plexus\plexus-sec-dispatcher\1.3\plexus-sec-dispatcher-1.3.jar;C:\Users\harshil.suthar\.m2\repository\org\sonatype\plexus\plexus-cipher\1.4\plexus-cipher-1.4.jar;C:\Users\harshil.suthar\.m2\repository\org\apache\maven\maven-plugin-api\3.1.0\maven-plugin-api-3.1.0.jar;C:\Users\harshil.suthar\.m2\repository\org\codehaus\plexus\plexus-java\1.2.0\plexus-java-1.2.0.jar;C:\Users\harshil.suthar\.m2\repository\org\ow2\asm\asm\9.6\asm-9.6.jar;C:\Users\harshil.suthar\.m2\repository\com\thoughtworks\qdox\qdox\2.0.3\qdox-2.0.3.jar;C:\Users\harshil.suthar\.m2\repository\org\apache\maven\surefire\surefire-shared-utils\3.2.3\surefire-shared-utils-3.2.3.jar;C:\Users\harshil.suthar\.m2\repository\io\cucumber\cucumber-java\7.8.1\cucumber-java-7.8.1.jar;C:\Users\harshil.suthar\.m2\repository\io\cucumber\cucumber-junit\7.8.1\cucumber-junit-7.8.1.jar;C:\Users\harshil.suthar\.m2\repository\log4j\log4j\1.2.17\log4j-1.2.17.jar;C:\Users\harshil.suthar\.m2\repository\junit\junit\4.11\junit-4.11.jar;C:\Users\harshil.suthar\.m2\repository\org\hamcrest\hamcrest-core\1.3\hamcrest-core-1.3.jar;C:\Users\harshil.suthar\.m2\repository\org\testng\testng\7.9.0\testng-7.9.0.jar;C:\Users\harshil.suthar\.m2\repository\com\beust\jcommander\1.82\jcommander-1.82.jar;C:\Users\harshil.suthar\.m2\repository\org\webjars\jquery\3.7.1\jquery-3.7.1.jar;"/>
    <property name="java.vm.vendor" value="Oracle Corporation"/>
    <property name="sun.arch.data.model" value="64"/>
    <property name="user.variant" value=""/>
    <property name="java.vendor.url" value="https://java.oracle.com/"/>
    <property name="user.timezone" value="Asia/Calcutta"/>
    <property name="os.name" value="Windows 10"/>
    <property name="java.vm.specification.version" value="21"/>
    <property name="sun.java.launcher" value="SUN_STANDARD"/>
    <property name="user.country" value="IN"/>
    <property name="sun.boot.library.path" value="C:\Users\harshil.suthar\.jdks\openjdk-21.0.2\bin"/>
    <property name="sun.java.command" value="C:\Users\harshil.suthar\AppData\Local\Temp\surefire7349021071492320067\surefirebooter-20240318113741492_3.jar C:\Users\harshil.suthar\AppData\Local\Temp\surefire7349021071492320067 2024-03-18T11-37-41_293-jvmRun1 surefire-20240318113741492_1tmp surefire_0-20240318113741492_2tmp"/>
    <property name="jdk.debug" value="release"/>
    <property name="surefire.test.class.path" value="C:\Users\harshil.suthar\eclipse-workspace\PS-parent-Project\UI-Testing\target\test-classes;C:\Users\harshil.suthar\eclipse-workspace\PS-parent-Project\UI-Testing\target\classes;C:\Users\harshil.suthar\.m2\repository\org\seleniumhq\selenium\selenium-java\4.8.2\selenium-java-4.8.2.jar;C:\Users\harshil.suthar\.m2\repository\org\seleniumhq\selenium\selenium-api\4.8.2\selenium-api-4.8.2.jar;C:\Users\harshil.suthar\.m2\repository\org\seleniumhq\selenium\selenium-chrome-driver\4.8.2\selenium-chrome-driver-4.8.2.jar;C:\Users\harshil.suthar\.m2\repository\com\google\auto\service\auto-service-annotations\1.0.1\auto-service-annotations-1.0.1.jar;C:\Users\harshil.suthar\.m2\repository\com\google\auto\service\auto-service\1.0.1\auto-service-1.0.1.jar;C:\Users\harshil.suthar\.m2\repository\com\google\auto\auto-common\1.2\auto-common-1.2.jar;C:\Users\harshil.suthar\.m2\repository\com\google\guava\guava\31.1-jre\guava-31.1-jre.jar;C:\Users\harshil.suthar\.m2\repository\com\google\guava\failureaccess\1.0.1\failureaccess-1.0.1.jar;C:\Users\harshil.suthar\.m2\repository\com\google\guava\listenablefuture\9999.0-empty-to-avoid-conflict-with-guava\listenablefuture-9999.0-empty-to-avoid-conflict-with-guava.jar;C:\Users\harshil.suthar\.m2\repository\com\google\code\findbugs\jsr305\3.0.2\jsr305-3.0.2.jar;C:\Users\harshil.suthar\.m2\repository\org\checkerframework\checker-qual\3.12.0\checker-qual-3.12.0.jar;C:\Users\harshil.suthar\.m2\repository\com\google\errorprone\error_prone_annotations\2.11.0\error_prone_annotations-2.11.0.jar;C:\Users\harshil.suthar\.m2\repository\com\google\j2objc\j2objc-annotations\1.3\j2objc-annotations-1.3.jar;C:\Users\harshil.suthar\.m2\repository\org\seleniumhq\selenium\selenium-chromium-driver\4.8.2\selenium-chromium-driver-4.8.2.jar;C:\Users\harshil.suthar\.m2\repository\org\seleniumhq\selenium\selenium-json\4.8.2\selenium-json-4.8.2.jar;C:\Users\harshil.suthar\.m2\repository\org\seleniumhq\selenium\selenium-manager\4.8.2\selenium-manager-4.8.2.jar;C:\Users\harshil.suthar\.m2\repository\org\seleniumhq\selenium\selenium-devtools-v109\4.8.2\selenium-devtools-v109-4.8.2.jar;C:\Users\harshil.suthar\.m2\repository\org\seleniumhq\selenium\selenium-devtools-v110\4.8.2\selenium-devtools-v110-4.8.2.jar;C:\Users\harshil.suthar\.m2\repository\org\seleniumhq\selenium\selenium-devtools-v111\4.8.2\selenium-devtools-v111-4.8.2.jar;C:\Users\harshil.suthar\.m2\repository\org\seleniumhq\selenium\selenium-devtools-v85\4.8.2\selenium-devtools-v85-4.8.2.jar;C:\Users\harshil.suthar\.m2\repository\org\seleniumhq\selenium\selenium-edge-driver\4.8.2\selenium-edge-driver-4.8.2.jar;C:\Users\harshil.suthar\.m2\repository\org\seleniumhq\selenium\selenium-firefox-driver\4.8.2\selenium-firefox-driver-4.8.2.jar;C:\Users\harshil.suthar\.m2\repository\org\seleniumhq\selenium\selenium-http\4.8.2\selenium-http-4.8.2.jar;C:\Users\harshil.suthar\.m2\repository\dev\failsafe\failsafe\3.3.1\failsafe-3.3.1.jar;C:\Users\harshil.suthar\.m2\repository\org\seleniumhq\selenium\selenium-ie-driver\4.8.2\selenium-ie-driver-4.8.2.jar;C:\Users\harshil.suthar\.m2\repository\org\seleniumhq\selenium\selenium-remote-driver\4.8.2\selenium-remote-driver-4.8.2.jar;C:\Users\harshil.suthar\.m2\repository\io\netty\netty-buffer\4.1.90.Final\netty-buffer-4.1.90.Final.jar;C:\Users\harshil.suthar\.m2\repository\io\netty\netty-codec-http\4.1.90.Final\netty-codec-http-4.1.90.Final.jar;C:\Users\harshil.suthar\.m2\repository\io\netty\netty-codec\4.1.90.Final\netty-codec-4.1.90.Final.jar;C:\Users\harshil.suthar\.m2\repository\io\netty\netty-handler\4.1.90.Final\netty-handler-4.1.90.Final.jar;C:\Users\harshil.suthar\.m2\repository\io\netty\netty-common\4.1.90.Final\netty-common-4.1.90.Final.jar;C:\Users\harshil.suthar\.m2\repository\io\netty\netty-transport-classes-epoll\4.1.90.Final\netty-transport-classes-epoll-4.1.90.Final.jar;C:\Users\harshil.suthar\.m2\repository\io\netty\netty-transport-classes-kqueue\4.1.90.Final\netty-transport-classes-kqueue-4.1.90.Final.jar;C:\Users\harshil.suthar\.m2\repository\io\netty\netty-transport-native-epoll\4.1.90.Final\netty-transport-native-epoll-4.1.90.Final.jar;C:\Users\harshil.suthar\.m2\repository\io\netty\netty-transport-native-kqueue\4.1.90.Final\netty-transport-native-kqueue-4.1.90.Final.jar;C:\Users\harshil.suthar\.m2\repository\io\netty\netty-transport-native-unix-common\4.1.90.Final\netty-transport-native-unix-common-4.1.90.Final.jar;C:\Users\harshil.suthar\.m2\repository\io\netty\netty-transport\4.1.90.Final\netty-transport-4.1.90.Final.jar;C:\Users\harshil.suthar\.m2\repository\io\netty\netty-resolver\4.1.90.Final\netty-resolver-4.1.90.Final.jar;C:\Users\harshil.suthar\.m2\repository\io\opentelemetry\opentelemetry-api\1.24.0\opentelemetry-api-1.24.0.jar;C:\Users\harshil.suthar\.m2\repository\io\opentelemetry\opentelemetry-context\1.24.0\opentelemetry-context-1.24.0.jar;C:\Users\harshil.suthar\.m2\repository\io\opentelemetry\opentelemetry-exporter-logging\1.24.0\opentelemetry-exporter-logging-1.24.0.jar;C:\Users\harshil.suthar\.m2\repository\io\opentelemetry\opentelemetry-sdk-metrics\1.24.0\opentelemetry-sdk-metrics-1.24.0.jar;C:\Users\harshil.suthar\.m2\repository\io\opentelemetry\opentelemetry-sdk-logs\1.24.0-alpha\opentelemetry-sdk-logs-1.24.0-alpha.jar;C:\Users\harshil.suthar\.m2\repository\io\opentelemetry\opentelemetry-api-logs\1.24.0-alpha\opentelemetry-api-logs-1.24.0-alpha.jar;C:\Users\harshil.suthar\.m2\repository\io\opentelemetry\opentelemetry-api-events\1.24.0-alpha\opentelemetry-api-events-1.24.0-alpha.jar;C:\Users\harshil.suthar\.m2\repository\io\opentelemetry\opentelemetry-sdk-common\1.24.0\opentelemetry-sdk-common-1.24.0.jar;C:\Users\harshil.suthar\.m2\repository\io\opentelemetry\opentelemetry-sdk-extension-autoconfigure-spi\1.24.0\opentelemetry-sdk-extension-autoconfigure-spi-1.24.0.jar;C:\Users\harshil.suthar\.m2\repository\io\opentelemetry\opentelemetry-sdk-extension-autoconfigure\1.24.0-alpha\opentelemetry-sdk-extension-autoconfigure-1.24.0-alpha.jar;C:\Users\harshil.suthar\.m2\repository\io\opentelemetry\opentelemetry-sdk-trace\1.24.0\opentelemetry-sdk-trace-1.24.0.jar;C:\Users\harshil.suthar\.m2\repository\io\opentelemetry\opentelemetry-sdk\1.24.0\opentelemetry-sdk-1.24.0.jar;C:\Users\harshil.suthar\.m2\repository\io\opentelemetry\opentelemetry-semconv\1.24.0-alpha\opentelemetry-semconv-1.24.0-alpha.jar;C:\Users\harshil.suthar\.m2\repository\io\ous\jtoml\2.0.0\jtoml-2.0.0.jar;C:\Users\harshil.suthar\.m2\repository\net\bytebuddy\byte-buddy\1.14.2\byte-buddy-1.14.2.jar;C:\Users\harshil.suthar\.m2\repository\org\apache\commons\commons-exec\1.3\commons-exec-1.3.jar;C:\Users\harshil.suthar\.m2\repository\org\asynchttpclient\async-http-client\2.12.3\async-http-client-2.12.3.jar;C:\Users\harshil.suthar\.m2\repository\org\asynchttpclient\async-http-client-netty-utils\2.12.3\async-http-client-netty-utils-2.12.3.jar;C:\Users\harshil.suthar\.m2\repository\io\netty\netty-codec-socks\4.1.60.Final\netty-codec-socks-4.1.60.Final.jar;C:\Users\harshil.suthar\.m2\repository\io\netty\netty-handler-proxy\4.1.60.Final\netty-handler-proxy-4.1.60.Final.jar;C:\Users\harshil.suthar\.m2\repository\io\netty\netty-transport-native-epoll\4.1.60.Final\netty-transport-native-epoll-4.1.60.Final-linux-x86_64.jar;C:\Users\harshil.suthar\.m2\repository\io\netty\netty-transport-native-kqueue\4.1.60.Final\netty-transport-native-kqueue-4.1.60.Final-osx-x86_64.jar;C:\Users\harshil.suthar\.m2\repository\com\typesafe\netty\netty-reactive-streams\2.0.4\netty-reactive-streams-2.0.4.jar;C:\Users\harshil.suthar\.m2\repository\com\sun\activation\jakarta.activation\1.2.2\jakarta.activation-1.2.2.jar;C:\Users\harshil.suthar\.m2\repository\org\seleniumhq\selenium\selenium-safari-driver\4.8.2\selenium-safari-driver-4.8.2.jar;C:\Users\harshil.suthar\.m2\repository\org\seleniumhq\selenium\selenium-support\4.8.2\selenium-support-4.8.2.jar;C:\Users\harshil.suthar\.m2\repository\org\projectlombok\lombok\1.18.30\lombok-1.18.30.jar;C:\Users\harshil.suthar\.m2\repository\io\cucumber\cucumber-testng\7.8.0\cucumber-testng-7.8.0.jar;C:\Users\harshil.suthar\.m2\repository\org\apiguardian\apiguardian-api\1.1.2\apiguardian-api-1.1.2.jar;C:\Users\harshil.suthar\.m2\repository\io\cucumber\cucumber-core\7.8.0\cucumber-core-7.8.0.jar;C:\Users\harshil.suthar\.m2\repository\io\cucumber\cucumber-gherkin\7.8.0\cucumber-gherkin-7.8.0.jar;C:\Users\harshil.suthar\.m2\repository\io\cucumber\cucumber-gherkin-messages\7.8.0\cucumber-gherkin-messages-7.8.0.jar;C:\Users\harshil.suthar\.m2\repository\io\cucumber\gherkin\24.0.0\gherkin-24.0.0.jar;C:\Users\harshil.suthar\.m2\repository\io\cucumber\messages\19.1.2\messages-19.1.2.jar;C:\Users\harshil.suthar\.m2\repository\io\cucumber\tag-expressions\4.1.0\tag-expressions-4.1.0.jar;C:\Users\harshil.suthar\.m2\repository\io\cucumber\cucumber-expressions\16.0.0\cucumber-expressions-16.0.0.jar;C:\Users\harshil.suthar\.m2\repository\io\cucumber\datatable\7.8.0\datatable-7.8.0.jar;C:\Users\harshil.suthar\.m2\repository\io\cucumber\cucumber-plugin\7.8.0\cucumber-plugin-7.8.0.jar;C:\Users\harshil.suthar\.m2\repository\io\cucumber\docstring\7.8.0\docstring-7.8.0.jar;C:\Users\harshil.suthar\.m2\repository\io\cucumber\html-formatter\20.1.0\html-formatter-20.1.0.jar;C:\Users\harshil.suthar\.m2\repository\io\cucumber\ci-environment\9.1.0\ci-environment-9.1.0.jar;C:\Users\harshil.suthar\.m2\repository\io\cucumber\cucumber-picocontainer\7.8.0\cucumber-picocontainer-7.8.0.jar;C:\Users\harshil.suthar\.m2\repository\org\picocontainer\picocontainer\2.15\picocontainer-2.15.jar;C:\Users\harshil.suthar\.m2\repository\io\github\bonigarcia\webdrivermanager\5.5.3\webdrivermanager-5.5.3.jar;C:\Users\harshil.suthar\.m2\repository\org\slf4j\slf4j-api\2.0.7\slf4j-api-2.0.7.jar;C:\Users\harshil.suthar\.m2\repository\com\google\code\gson\gson\2.10.1\gson-2.10.1.jar;C:\Users\harshil.suthar\.m2\repository\com\github\docker-java\docker-java\3.3.3\docker-java-3.3.3.jar;C:\Users\harshil.suthar\.m2\repository\com\github\docker-java\docker-java-core\3.3.3\docker-java-core-3.3.3.jar;C:\Users\harshil.suthar\.m2\repository\com\github\docker-java\docker-java-api\3.3.3\docker-java-api-3.3.3.jar;C:\Users\harshil.suthar\.m2\repository\com\fasterxml\jackson\core\jackson-annotations\2.10.3\jackson-annotations-2.10.3.jar;C:\Users\harshil.suthar\.m2\repository\commons-io\commons-io\2.6\commons-io-2.6.jar;C:\Users\harshil.suthar\.m2\repository\org\apache\commons\commons-compress\1.21\commons-compress-1.21.jar;C:\Users\harshil.suthar\.m2\repository\com\fasterxml\jackson\core\jackson-databind\2.10.3\jackson-databind-2.10.3.jar;C:\Users\harshil.suthar\.m2\repository\com\fasterxml\jackson\core\jackson-core\2.10.3\jackson-core-2.10.3.jar;C:\Users\harshil.suthar\.m2\repository\org\bouncycastle\bcpkix-jdk18on\1.75\bcpkix-jdk18on-1.75.jar;C:\Users\harshil.suthar\.m2\repository\org\bouncycastle\bcprov-jdk18on\1.75\bcprov-jdk18on-1.75.jar;C:\Users\harshil.suthar\.m2\repository\org\bouncycastle\bcutil-jdk18on\1.75\bcutil-jdk18on-1.75.jar;C:\Users\harshil.suthar\.m2\repository\org\slf4j\jcl-over-slf4j\1.7.30\jcl-over-slf4j-1.7.30.jar;C:\Users\harshil.suthar\.m2\repository\com\github\docker-java\docker-java-transport-httpclient5\3.3.3\docker-java-transport-httpclient5-3.3.3.jar;C:\Users\harshil.suthar\.m2\repository\com\github\docker-java\docker-java-transport\3.3.3\docker-java-transport-3.3.3.jar;C:\Users\harshil.suthar\.m2\repository\net\java\dev\jna\jna\5.12.1\jna-5.12.1.jar;C:\Users\harshil.suthar\.m2\repository\org\brotli\dec\0.1.2\dec-0.1.2.jar;C:\Users\harshil.suthar\.m2\repository\org\apache\commons\commons-lang3\3.13.0\commons-lang3-3.13.0.jar;C:\Users\harshil.suthar\.m2\repository\org\apache\httpcomponents\client5\httpclient5\5.2.1\httpclient5-5.2.1.jar;C:\Users\harshil.suthar\.m2\repository\org\apache\httpcomponents\core5\httpcore5\5.2\httpcore5-5.2.jar;C:\Users\harshil.suthar\.m2\repository\org\apache\httpcomponents\core5\httpcore5-h2\5.2\httpcore5-h2-5.2.jar;C:\Users\harshil.suthar\.m2\repository\com\aventstack\extentreports\5.0.9\extentreports-5.0.9.jar;C:\Users\harshil.suthar\.m2\repository\io\reactivex\rxjava3\rxjava\3.0.4\rxjava-3.0.4.jar;C:\Users\harshil.suthar\.m2\repository\org\reactivestreams\reactive-streams\1.0.3\reactive-streams-1.0.3.jar;C:\Users\harshil.suthar\.m2\repository\org\freemarker\freemarker\2.3.30\freemarker-2.3.30.jar;C:\Users\harshil.suthar\.m2\repository\tech\grasshopper\extentreports-cucumber7-adapter\1.9.2\extentreports-cucumber7-adapter-1.9.2.jar;C:\Users\harshil.suthar\.m2\repository\tech\grasshopper\extent-pdf-report\2.9.1\extent-pdf-report-2.9.1.jar;C:\Users\harshil.suthar\.m2\repository\tech\grasshopper\cucumber-pdf-report\2.11.1\cucumber-pdf-report-2.11.1.jar;C:\Users\harshil.suthar\.m2\repository\org\apache\pdfbox\pdfbox\2.0.26\pdfbox-2.0.26.jar;C:\Users\harshil.suthar\.m2\repository\org\apache\pdfbox\fontbox\2.0.26\fontbox-2.0.26.jar;C:\Users\harshil.suthar\.m2\repository\org\knowm\xchart\xchart\3.8.0\xchart-3.8.0.jar;C:\Users\harshil.suthar\.m2\repository\de\erichseifert\vectorgraphics2d\VectorGraphics2D\0.13\VectorGraphics2D-0.13.jar;C:\Users\harshil.suthar\.m2\repository\de\rototor\pdfbox\graphics2d\0.30\graphics2d-0.30.jar;C:\Users\harshil.suthar\.m2\repository\com\madgag\animated-gif-lib\1.4\animated-gif-lib-1.4.jar;C:\Users\harshil.suthar\.m2\repository\org\yaml\snakeyaml\1.28\snakeyaml-1.28.jar;C:\Users\harshil.suthar\.m2\repository\tech\grasshopper\table-layout\1.5.1\table-layout-1.5.1.jar;C:\Users\harshil.suthar\.m2\repository\tech\grasshopper\rest-assured-cucumber-pdf-report\1.4.1\rest-assured-cucumber-pdf-report-1.4.1.jar;C:\Users\harshil.suthar\.m2\repository\org\jsoup\jsoup\1.15.3\jsoup-1.15.3.jar;C:\Users\harshil.suthar\.m2\repository\com\aventstack\klov-reporter\5.0.9\klov-reporter-5.0.9.jar;C:\Users\harshil.suthar\.m2\repository\org\mongodb\mongodb-driver\3.6.4\mongodb-driver-3.6.4.jar;C:\Users\harshil.suthar\.m2\repository\org\mongodb\mongodb-driver-core\3.6.4\mongodb-driver-core-3.6.4.jar;C:\Users\harshil.suthar\.m2\repository\org\mongodb\bson\3.6.4\bson-3.6.4.jar;C:\Users\harshil.suthar\.m2\repository\org\apache\httpcomponents\httpclient\4.5.13\httpclient-4.5.13.jar;C:\Users\harshil.suthar\.m2\repository\org\apache\httpcomponents\httpcore\4.4.13\httpcore-4.4.13.jar;C:\Users\harshil.suthar\.m2\repository\commons-logging\commons-logging\1.2\commons-logging-1.2.jar;C:\Users\harshil.suthar\.m2\repository\commons-codec\commons-codec\1.11\commons-codec-1.11.jar;C:\Users\harshil.suthar\.m2\repository\org\apache\httpcomponents\httpmime\4.5.13\httpmime-4.5.13.jar;C:\Users\harshil.suthar\.m2\repository\tech\grasshopper\htmlextentreporter\1.0.1\htmlextentreporter-1.0.1.jar;C:\Users\harshil.suthar\.m2\repository\org\apache\maven\plugins\maven-surefire-plugin\3.2.3\maven-surefire-plugin-3.2.3.jar;C:\Users\harshil.suthar\.m2\repository\org\apache\maven\surefire\maven-surefire-common\3.2.3\maven-surefire-common-3.2.3.jar;C:\Users\harshil.suthar\.m2\repository\org\apache\maven\surefire\surefire-api\3.2.3\surefire-api-3.2.3.jar;C:\Users\harshil.suthar\.m2\repository\org\apache\maven\surefire\surefire-logger-api\3.2.3\surefire-logger-api-3.2.3.jar;C:\Users\harshil.suthar\.m2\repository\org\apache\maven\surefire\surefire-extensions-api\3.2.3\surefire-extensions-api-3.2.3.jar;C:\Users\harshil.suthar\.m2\repository\org\apache\maven\surefire\surefire-booter\3.2.3\surefire-booter-3.2.3.jar;C:\Users\harshil.suthar\.m2\repository\org\apache\maven\surefire\surefire-extensions-spi\3.2.3\surefire-extensions-spi-3.2.3.jar;C:\Users\harshil.suthar\.m2\repository\org\eclipse\aether\aether-util\1.0.0.v20140518\aether-util-1.0.0.v20140518.jar;C:\Users\harshil.suthar\.m2\repository\org\eclipse\aether\aether-api\1.0.0.v20140518\aether-api-1.0.0.v20140518.jar;C:\Users\harshil.suthar\.m2\repository\org\apache\maven\shared\maven-common-artifact-filters\3.1.1\maven-common-artifact-filters-3.1.1.jar;C:\Users\harshil.suthar\.m2\repository\org\apache\maven\maven-artifact\3.1.0\maven-artifact-3.1.0.jar;C:\Users\harshil.suthar\.m2\repository\org\codehaus\plexus\plexus-utils\3.0.10\plexus-utils-3.0.10.jar;C:\Users\harshil.suthar\.m2\repository\org\apache\maven\maven-core\3.1.0\maven-core-3.1.0.jar;C:\Users\harshil.suthar\.m2\repository\org\apache\maven\maven-settings\3.1.0\maven-settings-3.1.0.jar;C:\Users\harshil.suthar\.m2\repository\org\apache\maven\maven-settings-builder\3.1.0\maven-settings-builder-3.1.0.jar;C:\Users\harshil.suthar\.m2\repository\org\apache\maven\maven-repository-metadata\3.1.0\maven-repository-metadata-3.1.0.jar;C:\Users\harshil.suthar\.m2\repository\org\apache\maven\maven-model-builder\3.1.0\maven-model-builder-3.1.0.jar;C:\Users\harshil.suthar\.m2\repository\org\apache\maven\maven-aether-provider\3.1.0\maven-aether-provider-3.1.0.jar;C:\Users\harshil.suthar\.m2\repository\org\eclipse\aether\aether-spi\0.9.0.M2\aether-spi-0.9.0.M2.jar;C:\Users\harshil.suthar\.m2\repository\org\eclipse\aether\aether-impl\0.9.0.M2\aether-impl-0.9.0.M2.jar;C:\Users\harshil.suthar\.m2\repository\org\eclipse\sisu\org.eclipse.sisu.plexus\0.0.0.M2a\org.eclipse.sisu.plexus-0.0.0.M2a.jar;C:\Users\harshil.suthar\.m2\repository\javax\enterprise\cdi-api\1.0\cdi-api-1.0.jar;C:\Users\harshil.suthar\.m2\repository\javax\annotation\jsr250-api\1.0\jsr250-api-1.0.jar;C:\Users\harshil.suthar\.m2\repository\javax\inject\javax.inject\1\javax.inject-1.jar;C:\Users\harshil.suthar\.m2\repository\org\sonatype\sisu\sisu-guice\3.1.0\sisu-guice-3.1.0-no_aop.jar;C:\Users\harshil.suthar\.m2\repository\aopalliance\aopalliance\1.0\aopalliance-1.0.jar;C:\Users\harshil.suthar\.m2\repository\org\eclipse\sisu\org.eclipse.sisu.inject\0.0.0.M2a\org.eclipse.sisu.inject-0.0.0.M2a.jar;C:\Users\harshil.suthar\.m2\repository\asm\asm\3.3.1\asm-3.3.1.jar;C:\Users\harshil.suthar\.m2\repository\org\codehaus\plexus\plexus-interpolation\1.16\plexus-interpolation-1.16.jar;C:\Users\harshil.suthar\.m2\repository\org\codehaus\plexus\plexus-classworlds\2.4.2\plexus-classworlds-2.4.2.jar;C:\Users\harshil.suthar\.m2\repository\org\codehaus\plexus\plexus-component-annotations\1.5.5\plexus-component-annotations-1.5.5.jar;C:\Users\harshil.suthar\.m2\repository\org\sonatype\plexus\plexus-sec-dispatcher\1.3\plexus-sec-dispatcher-1.3.jar;C:\Users\harshil.suthar\.m2\repository\org\sonatype\plexus\plexus-cipher\1.4\plexus-cipher-1.4.jar;C:\Users\harshil.suthar\.m2\repository\org\apache\maven\maven-plugin-api\3.1.0\maven-plugin-api-3.1.0.jar;C:\Users\harshil.suthar\.m2\repository\org\codehaus\plexus\plexus-java\1.2.0\plexus-java-1.2.0.jar;C:\Users\harshil.suthar\.m2\repository\org\ow2\asm\asm\9.6\asm-9.6.jar;C:\Users\harshil.suthar\.m2\repository\com\thoughtworks\qdox\qdox\2.0.3\qdox-2.0.3.jar;C:\Users\harshil.suthar\.m2\repository\org\apache\maven\surefire\surefire-shared-utils\3.2.3\surefire-shared-utils-3.2.3.jar;C:\Users\harshil.suthar\.m2\repository\io\cucumber\cucumber-java\7.8.1\cucumber-java-7.8.1.jar;C:\Users\harshil.suthar\.m2\repository\io\cucumber\cucumber-junit\7.8.1\cucumber-junit-7.8.1.jar;C:\Users\harshil.suthar\.m2\repository\log4j\log4j\1.2.17\log4j-1.2.17.jar;C:\Users\harshil.suthar\.m2\repository\junit\junit\4.11\junit-4.11.jar;C:\Users\harshil.suthar\.m2\repository\org\hamcrest\hamcrest-core\1.3\hamcrest-core-1.3.jar;C:\Users\harshil.suthar\.m2\repository\org\testng\testng\7.9.0\testng-7.9.0.jar;C:\Users\harshil.suthar\.m2\repository\com\beust\jcommander\1.82\jcommander-1.82.jar;C:\Users\harshil.suthar\.m2\repository\org\webjars\jquery\3.7.1\jquery-3.7.1.jar;"/>
    <property name="sun.cpu.endian" value="little"/>
    <property name="user.home" value="C:\Users\harshil.suthar"/>
    <property name="user.language" value="en"/>
    <property name="java.specification.vendor" value="Oracle Corporation"/>
    <property name="java.version.date" value="2024-01-16"/>
    <property name="java.home" value="C:\Users\harshil.suthar\.jdks\openjdk-21.0.2"/>
    <property name="file.separator" value="\"/>
    <property name="basedir" value="C:\Users\harshil.suthar\eclipse-workspace\PS-parent-Project\UI-Testing"/>
    <property name="java.vm.compressedOopsMode" value="32-bit"/>
    <property name="line.separator" value="&#10;"/>
    <property name="java.vm.specification.vendor" value="Oracle Corporation"/>
    <property name="java.specification.name" value="Java Platform API Specification"/>
    <property name="surefire.real.class.path" value="C:\Users\harshil.suthar\AppData\Local\Temp\surefire7349021071492320067\surefirebooter-20240318113741492_3.jar"/>
    <property name="user.script" value=""/>
    <property name="sun.management.compiler" value="HotSpot 64-Bit Tiered Compilers"/>
    <property name="java.runtime.version" value="21.0.2+13-58"/>
    <property name="user.name" value="harshil.suthar"/>
    <property name="stdout.encoding" value="Cp1252"/>
    <property name="path.separator" value=";"/>
    <property name="os.version" value="10.0"/>
    <property name="java.runtime.name" value="OpenJDK Runtime Environment"/>
    <property name="file.encoding" value="UTF-8"/>
    <property name="java.vm.name" value="OpenJDK 64-Bit Server VM"/>
    <property name="localRepository" value="C:\Users\harshil.suthar\.m2\repository"/>
    <property name="java.vendor.url.bug" value="https://bugreport.java.com/bugreport/"/>
    <property name="java.io.tmpdir" value="C:\Users\HARSHI~1.SUT\AppData\Local\Temp\"/>
    <property name="idea.version" value="2023.3.5"/>
    <property name="java.version" value="21.0.2"/>
    <property name="user.dir" value="C:\Users\harshil.suthar\eclipse-workspace\PS-parent-Project\UI-Testing"/>
    <property name="os.arch" value="amd64"/>
    <property name="java.vm.specification.name" value="Java Virtual Machine Specification"/>
    <property name="sun.os.patch.level" value=""/>
    <property name="native.encoding" value="Cp1252"/>
    <property name="java.library.path" value="C:\Users\harshil.suthar\.jdks\openjdk-21.0.2\bin;C:\Windows\Sun\Java\bin;C:\Windows\system32;C:\Windows;C:\Windows\system32;C:\Windows;C:\Windows\System32\Wbem;C:\Windows\System32\WindowsPowerShell\v1.0\;C:\Windows\System32\OpenSSH\;C:\Program Files\nodejs\;C:\Users\harshil.suthar\AppData\Local\Microsoft\WindowsApps;C:\Users\harshil.suthar\AppData\Local\Programs\Microsoft VS Code\bin;C:\Users\harshil.suthar\AppData\Local\JetBrains\IntelliJ IDEA Community Edition 2023.3.5\bin;;C:\Users\harshil.suthar\AppData\Local\Programs\Git\cmd;C:\Users\harshil.suthar\AppData\Roaming\npm;."/>
    <property name="java.vm.info" value="mixed mode, sharing"/>
    <property name="stderr.encoding" value="Cp1252"/>
    <property name="java.vendor" value="Oracle Corporation"/>
    <property name="java.vm.version" value="21.0.2+13-58"/>
    <property name="sun.io.unicode.encoding" value="UnicodeLittle"/>
    <property name="java.class.version" value="65.0"/>
  </properties>
  <testcase name="runScenario[&quot;Invalid Login&quot;, &quot;Login&quot;](1)" classname="testRunner.TestngTestRunner" time="18.139">
    <system-out><![CDATA[
Scenario Outline: Invalid Login                      &amp#27;[90m# features/1_LoginPage.feature:6&amp#27;[0m
2024-03-78 11:03:857 DEBUG InternalLoggerFactory:89 - Using Log4J as the default logging framework
2024-03-78 11:03:868 DEBUG ResourceLeakDetector:129 - -Dio.netty.leakDetection.level: simple
2024-03-78 11:03:869 DEBUG ResourceLeakDetector:130 - -Dio.netty.leakDetection.targetRecords: 4
2024-03-78 11:03:875 DEBUG ResourceLeakDetectorFactory:196 - Loaded default ResourceLeakDetector: io.netty.util.ResourceLeakDetector@7e19755a
2024-03-78 11:03:910 DEBUG PlatformDependent0:496 - -Dio.netty.noUnsafe: false
2024-03-78 11:03:911 DEBUG PlatformDependent0:1000 - Java version: 21
2024-03-78 11:03:913 DEBUG PlatformDependent0:137 - sun.misc.Unsafe.theUnsafe: available
2024-03-78 11:03:914 DEBUG PlatformDependent0:161 - sun.misc.Unsafe.copyMemory: available
2024-03-78 11:03:914 DEBUG PlatformDependent0:193 - sun.misc.Unsafe.storeFence: available
2024-03-78 11:03:915 DEBUG PlatformDependent0:236 - java.nio.Buffer.address: available
2024-03-78 11:03:916 DEBUG PlatformDependent0:320 - direct buffer constructor: unavailable: java.nio.DirectByteBuffer.<init>(long,int)
2024-03-78 11:03:918 DEBUG PlatformDependent0:385 - java.nio.Bits.unaligned: available, true
2024-03-78 11:03:920 DEBUG PlatformDependent0:452 - jdk.internal.misc.Unsafe.allocateUninitializedArray(int): unavailable: class io.netty.util.internal.PlatformDependent0$7 cannot access class jdk.internal.misc.Unsafe (in module java.base) because module java.base does not export jdk.internal.misc to unnamed module @3dd4520b
2024-03-78 11:03:922 DEBUG PlatformDependent0:482 - java.nio.DirectByteBuffer.<init>(long, int): unavailable
2024-03-78 11:03:922 DEBUG PlatformDependent:1159 - sun.misc.Unsafe: available
2024-03-78 11:03:924 DEBUG PlatformDependent:1270 - maxDirectMemory: 2105540608 bytes (maybe)
2024-03-78 11:03:924 DEBUG PlatformDependent:1289 - -Dio.netty.tmpdir: C:\Users\HARSHI~1.SUT\AppData\Local\Temp (java.io.tmpdir)
2024-03-78 11:03:925 DEBUG PlatformDependent:1368 - -Dio.netty.bitMode: 64 (sun.arch.data.model)
2024-03-78 11:03:925 DEBUG PlatformDependent:1119 - Platform: Windows
2024-03-78 11:03:927 DEBUG PlatformDependent:178 - -Dio.netty.maxDirectMemory: -1 bytes
2024-03-78 11:03:927 DEBUG PlatformDependent:185 - -Dio.netty.uninitializedArrayAllocationThreshold: -1
2024-03-78 11:03:928 DEBUG CleanerJava9:71 - java.nio.ByteBuffer.cleaner(): available
2024-03-78 11:03:929 DEBUG PlatformDependent:205 - -Dio.netty.noPreferDirect: false
2024-03-78 11:03:937 DEBUG PlatformDependent:1010 - org.jctools-core.MpscChunkedArrayQueue: available
2024-03-78 11:03:964 DEBUG InternalThreadLocalMap:100 - -Dio.netty.threadLocalMap.stringBuilder.initialSize: 1024
2024-03-78 11:03:965 DEBUG InternalThreadLocalMap:101 - -Dio.netty.threadLocalMap.stringBuilder.maxSize: 4096
2024-03-78 11:03:39 DEBUG JdkSslContext:83 - Default protocols (JDK): [TLSv1.3, TLSv1.2] 
2024-03-78 11:03:39 DEBUG JdkSslContext:84 - Default cipher suites (JDK): [TLS_ECDHE_ECDSA_WITH_AES_256_GCM_SHA384, TLS_ECDHE_ECDSA_WITH_AES_128_GCM_SHA256, TLS_ECDHE_RSA_WITH_AES_128_GCM_SHA256, TLS_ECDHE_RSA_WITH_AES_256_GCM_SHA384, TLS_ECDHE_RSA_WITH_AES_128_CBC_SHA, TLS_ECDHE_RSA_WITH_AES_256_CBC_SHA, TLS_RSA_WITH_AES_128_GCM_SHA256, TLS_RSA_WITH_AES_128_CBC_SHA, TLS_RSA_WITH_AES_256_CBC_SHA, TLS_AES_128_GCM_SHA256, TLS_AES_256_GCM_SHA384]
2024-03-78 11:03:57 DEBUG GlobalEventExecutor:53 - -Dio.netty.globalEventExecutor.quietPeriodSeconds: 1
2024-03-78 11:03:73 DEBUG MultithreadEventLoopGroup:44 - -Dio.netty.eventLoopThreads: 16
2024-03-78 11:03:83 DEBUG NioEventLoop:110 - -Dio.netty.noKeySetOptimization: false
2024-03-78 11:03:84 DEBUG NioEventLoop:111 - -Dio.netty.selectorAutoRebuildThreshold: 512
2024-03-78 11:03:143 DEBUG PooledByteBufAllocator:157 - -Dio.netty.allocator.numHeapArenas: 16
2024-03-78 11:03:144 DEBUG PooledByteBufAllocator:158 - -Dio.netty.allocator.numDirectArenas: 16
2024-03-78 11:03:144 DEBUG PooledByteBufAllocator:160 - -Dio.netty.allocator.pageSize: 8192
2024-03-78 11:03:144 DEBUG PooledByteBufAllocator:165 - -Dio.netty.allocator.maxOrder: 9
2024-03-78 11:03:145 DEBUG PooledByteBufAllocator:169 - -Dio.netty.allocator.chunkSize: 4194304
2024-03-78 11:03:145 DEBUG PooledByteBufAllocator:170 - -Dio.netty.allocator.smallCacheSize: 256
2024-03-78 11:03:145 DEBUG PooledByteBufAllocator:171 - -Dio.netty.allocator.normalCacheSize: 64
2024-03-78 11:03:145 DEBUG PooledByteBufAllocator:172 - -Dio.netty.allocator.maxCachedBufferCapacity: 32768
2024-03-78 11:03:146 DEBUG PooledByteBufAllocator:173 - -Dio.netty.allocator.cacheTrimInterval: 8192
2024-03-78 11:03:146 DEBUG PooledByteBufAllocator:174 - -Dio.netty.allocator.cacheTrimIntervalMillis: 0
2024-03-78 11:03:146 DEBUG PooledByteBufAllocator:175 - -Dio.netty.allocator.useCacheForAllThreads: false
2024-03-78 11:03:147 DEBUG PooledByteBufAllocator:176 - -Dio.netty.allocator.maxCachedByteBuffersPerChunk: 1023
2024-03-78 11:03:160 DEBUG ByteBufUtil:88 - -Dio.netty.allocator.type: pooled
2024-03-78 11:03:161 DEBUG ByteBufUtil:97 - -Dio.netty.threadLocalDirectBufferSize: 0
2024-03-78 11:03:161 DEBUG ByteBufUtil:100 - -Dio.netty.maxThreadLocalCharBufferSize: 16384
2024-03-78 11:03:991 DEBUG DefaultChannelId:79 - -Dio.netty.processId: 14832 (auto-detected)
2024-03-78 11:03:995 DEBUG NetUtil:142 - -Djava.net.preferIPv4Stack: false
2024-03-78 11:03:995 DEBUG NetUtil:143 - -Djava.net.preferIPv6Addresses: false
2024-03-78 11:03:998 DEBUG NetUtilInitializations:145 - Loopback interface: loopback_0 (Software Loopback Interface 1, 0:0:0:0:0:0:0:1)
2024-03-78 11:03:999 DEBUG NetUtil:200 - Failed to get SOMAXCONN from sysctl and file \proc\sys\net\core\somaxconn. Default: 200
2024-03-78 11:03:01 DEBUG DefaultChannelId:101 - -Dio.netty.machineId: cc:f9:e4:ff:fe:d0:42:1a (auto-detected)
2024-03-78 11:03:64 DEBUG AbstractByteBuf:63 - -Dio.netty.buffer.checkAccessible: true
2024-03-78 11:03:65 DEBUG AbstractByteBuf:64 - -Dio.netty.buffer.checkBounds: true
2024-03-78 11:03:65 DEBUG ResourceLeakDetectorFactory:196 - Loaded default ResourceLeakDetector: io.netty.util.ResourceLeakDetector@186552bc
2024-03-78 11:03:116 DEBUG Recycler:96 - -Dio.netty.recycler.maxCapacityPerThread: 4096
2024-03-78 11:03:117 DEBUG Recycler:97 - -Dio.netty.recycler.ratio: 8
2024-03-78 11:03:117 DEBUG Recycler:98 - -Dio.netty.recycler.chunkSize: 32
2024-03-78 11:03:118 DEBUG Recycler:99 - -Dio.netty.recycler.blocking: false
2024-03-78 11:03:118 DEBUG Recycler:100 - -Dio.netty.recycler.batchFastThreadLocalOnly: true
2024-03-78 11:03:458 DEBUG Brotli:38 - brotli4j not in the classpath; Brotli support will be unavailable.
2024-03-78 11:03:722 DEBUG ThreadLocalRandom:214 - -Dio.netty.initialSeedUniquifier: 0x81e2f0598a1293f0
  &amp#27;[32mGiven &amp#27;[0m&amp#27;[32mUser is on the Login Page&amp#27;[0m                    &amp#27;[90m# stepDefinitions.LoginPageSteps.user_is_on_the_login_page()&amp#27;[0m
  &amp#27;[32mWhen &amp#27;[0m&amp#27;[32mUser enters the invalid username and password&amp#27;[0m &amp#27;[90m# stepDefinitions.LoginPageSteps.user_enters_the_invalid_username_and_password(io.cucumber.datatable.DataTable)&amp#27;[0m
    | username | password |
    | ""       | admin123 |
    | admin    | ""       |
    | user     | user123  |
  &amp#27;[32mThen &amp#27;[0m&amp#27;[32mUser will get the error message error message&amp#27;[0m &amp#27;[90m# stepDefinitions.LoginPageSteps.user_will_get_the_error_message_error_message()&amp#27;[0m
]]></system-out>
    <system-err><![CDATA[SLF4J: No SLF4J providers were found.
SLF4J: Defaulting to no-operation (NOP) logger implementation
SLF4J: See https://www.slf4j.org/codes.html#noProviders for further details.
Starting ChromeDriver 122.0.6261.128 (f18a44fedeb29764b2b5336c120fdd90ef1a3f5c-refs/branch-heads/6261@{#1057}) on port 32076
Only local connections are allowed.
Please see https://chromedriver.chromium.org/security-considerations for suggestions on keeping ChromeDriver safe.
ChromeDriver was started successfully.
Mar 18, 2024 11:37:47 AM org.openqa.selenium.devtools.CdpVersionFinder findNearestMatch
WARNING: Unable to find CDP implementation matching 122
Mar 18, 2024 11:37:47 AM org.openqa.selenium.chromium.ChromiumDriver lambda$new$3
WARNING: Unable to find version of CDP to use for . You may need to include a dependency on a specific version of the CDP using something similar to `org.seleniumhq.selenium:selenium-devtools-v86:4.8.2` where the version ("v86") matches the version of the chromium-based browser you're using and the version number of the artifact is the same as Selenium's.
Mar 18, 2024 11:38:01 AM org.openqa.selenium.remote.http.WebSocket$Listener onError
WARNING: Connection reset
java.net.SocketException: Connection reset
	at java.base/sun.nio.ch.SocketChannelImpl.throwConnectionReset(SocketChannelImpl.java:401)
	at java.base/sun.nio.ch.SocketChannelImpl.read(SocketChannelImpl.java:434)
	at io.netty.buffer.PooledByteBuf.setBytes(PooledByteBuf.java:256)
	at io.netty.buffer.AbstractByteBuf.writeBytes(AbstractByteBuf.java:1132)
	at io.netty.channel.socket.nio.NioSocketChannel.doReadBytes(NioSocketChannel.java:357)
	at io.netty.channel.nio.AbstractNioByteChannel$NioByteUnsafe.read(AbstractNioByteChannel.java:151)
	at io.netty.channel.nio.NioEventLoop.processSelectedKey(NioEventLoop.java:788)
	at io.netty.channel.nio.NioEventLoop.processSelectedKeysOptimized(NioEventLoop.java:724)
	at io.netty.channel.nio.NioEventLoop.processSelectedKeys(NioEventLoop.java:650)
	at io.netty.channel.nio.NioEventLoop.run(NioEventLoop.java:562)
	at io.netty.util.concurrent.SingleThreadEventExecutor$4.run(SingleThreadEventExecutor.java:997)
	at io.netty.util.internal.ThreadExecutorMap$2.run(ThreadExecutorMap.java:74)
	at io.netty.util.concurrent.FastThreadLocalRunnable.run(FastThreadLocalRunnable.java:30)
	at java.base/java.lang.Thread.run(Thread.java:1583)

]]></system-err>
  </testcase>
  <testcase name="runScenario[&quot;Valid Login&quot;, &quot;Login&quot;](2)" classname="testRunner.TestngTestRunner" time="13.433">
    <system-out><![CDATA[
Scenario Outline: Valid Login                                &amp#27;[90m# features/1_LoginPage.feature:20&amp#27;[0m
  &amp#27;[32mGiven &amp#27;[0m&amp#27;[32mUser is on the Login Page&amp#27;[0m                            &amp#27;[90m# stepDefinitions.LoginPageSteps.user_is_on_the_login_page()&amp#27;[0m
  &amp#27;[32mWhen &amp#27;[0m&amp#27;[32muser enters the valid username and password&amp#27;[0m           &amp#27;[90m# stepDefinitions.LoginPageSteps.user_enters_the_valid_username_and_password(io.cucumber.datatable.DataTable)&amp#27;[0m
    | username | password |
    | admin    | admin123 |
  &amp#27;[32mThen &amp#27;[0m&amp#27;[32mUser will be redirected to the Home Page of OrangeHRM&amp#27;[0m &amp#27;[90m# stepDefinitions.LoginPageSteps.user_will_be_redirected_to_the_home_page_of_orange_hrm()&amp#27;[0m
]]></system-out>
    <system-err><![CDATA[Starting ChromeDriver 122.0.6261.128 (f18a44fedeb29764b2b5336c120fdd90ef1a3f5c-refs/branch-heads/6261@{#1057}) on port 12433
Only local connections are allowed.
Please see https://chromedriver.chromium.org/security-considerations for suggestions on keeping ChromeDriver safe.
ChromeDriver was started successfully.
Mar 18, 2024 11:38:02 AM org.openqa.selenium.devtools.CdpVersionFinder findNearestMatch
WARNING: Unable to find CDP implementation matching 122
Mar 18, 2024 11:38:02 AM org.openqa.selenium.chromium.ChromiumDriver lambda$new$3
WARNING: Unable to find version of CDP to use for . You may need to include a dependency on a specific version of the CDP using something similar to `org.seleniumhq.selenium:selenium-devtools-v86:4.8.2` where the version ("v86") matches the version of the chromium-based browser you're using and the version number of the artifact is the same as Selenium's.
]]></system-err>
  </testcase>
  <testcase name="runScenario[&quot;Access Directory Page and Search for Employee&quot;, &quot;Directory Functionality&quot;](3)" classname="testRunner.TestngTestRunner" time="35.025">
    <system-out><![CDATA[
Scenario Outline: Access Directory Page and Search for Employee &amp#27;[90m# features/2_Directory.feature:19&amp#27;[0m
  &amp#27;[32mGiven &amp#27;[0m&amp#27;[32mUser is on the Login Page&amp#27;[0m                               &amp#27;[90m# stepDefinitions.LoginPageSteps.user_is_on_the_login_page()&amp#27;[0m
  &amp#27;[32mWhen &amp#27;[0m&amp#27;[32mUser enters the valid username and password&amp#27;[0m              &amp#27;[90m# stepDefinitions.DirectoryPageSteps.user_enters_the_valid_username_and_password()&amp#27;[0m
  &amp#27;[32mThen &amp#27;[0m&amp#27;[32mUser will be redirected to the Home Page of OrangeHRM&amp#27;[0m    &amp#27;[90m# stepDefinitions.LoginPageSteps.user_will_be_redirected_to_the_home_page_of_orange_hrm()&amp#27;[0m
  &amp#27;[32mThen &amp#27;[0m&amp#27;[32mUser will click to the directory button&amp#27;[0m                  &amp#27;[90m# stepDefinitions.DirectoryPageSteps.user_will_click_to_the_directory_button()&amp#27;[0m
  &amp#27;[32mWhen &amp#27;[0m&amp#27;[32mUser enters &amp#27;[0m&amp#27;[32m&amp#27;[1m"O"&amp#27;[0m&amp#27;[32m in the search bar&amp#27;[0m                        &amp#27;[90m# stepDefinitions.DirectoryPageSteps.user_enters_in_the_search_bar(java.lang.String)&amp#27;[0m
  &amp#27;[32mAnd &amp#27;[0m&amp#27;[32mUser selects a Job Title from the dropdown list&amp#27;[0m           &amp#27;[90m# stepDefinitions.DirectoryPageSteps.user_selects_a_job_title_from_the_dropdown_list()&amp#27;[0m
  &amp#27;[32mAnd &amp#27;[0m&amp#27;[32mUser selects a Location from the dropdown options&amp#27;[0m         &amp#27;[90m# stepDefinitions.DirectoryPageSteps.user_selects_a_location_from_the_dropdown_options()&amp#27;[0m
  &amp#27;[32mThen &amp#27;[0m&amp#27;[32mUser initiates the search&amp#27;[0m                                &amp#27;[90m# stepDefinitions.DirectoryPageSteps.user_initiates_the_search()&amp#27;[0m
  &amp#27;[32mAnd &amp#27;[0m&amp#27;[32mUser selects a record&amp#27;[0m                                     &amp#27;[90m# stepDefinitions.DirectoryPageSteps.user_selects_a_record()&amp#27;[0m
  &amp#27;[32mThen &amp#27;[0m&amp#27;[32mUser resets the search&amp#27;[0m                                   &amp#27;[90m# stepDefinitions.DirectoryPageSteps.user_resets_the_search()&amp#27;[0m
]]></system-out>
    <system-err><![CDATA[Starting ChromeDriver 122.0.6261.128 (f18a44fedeb29764b2b5336c120fdd90ef1a3f5c-refs/branch-heads/6261@{#1057}) on port 40722
Only local connections are allowed.
Please see https://chromedriver.chromium.org/security-considerations for suggestions on keeping ChromeDriver safe.
ChromeDriver was started successfully.
Mar 18, 2024 11:38:16 AM org.openqa.selenium.devtools.CdpVersionFinder findNearestMatch
WARNING: Unable to find CDP implementation matching 122
Mar 18, 2024 11:38:16 AM org.openqa.selenium.chromium.ChromiumDriver lambda$new$3
WARNING: Unable to find version of CDP to use for . You may need to include a dependency on a specific version of the CDP using something similar to `org.seleniumhq.selenium:selenium-devtools-v86:4.8.2` where the version ("v86") matches the version of the chromium-based browser you're using and the version number of the artifact is the same as Selenium's.
]]></system-err>
  </testcase>
  <testcase name="runScenario[&quot;Purge Feature&quot;, &quot;maintanance Functionality&quot;](4)" classname="testRunner.TestngTestRunner" time="29.863">
    <system-out><![CDATA[
Scenario: Purge Feature                                             &amp#27;[90m# features/3_Maintenance.feature:12&amp#27;[0m
  &amp#27;[32mGiven &amp#27;[0m&amp#27;[32mUser is on the Login Page&amp#27;[0m                                   &amp#27;[90m# stepDefinitions.LoginPageSteps.user_is_on_the_login_page()&amp#27;[0m
  &amp#27;[32mWhen &amp#27;[0m&amp#27;[32mUser enters the valid username and password&amp#27;[0m                  &amp#27;[90m# stepDefinitions.DirectoryPageSteps.user_enters_the_valid_username_and_password()&amp#27;[0m
  &amp#27;[32mThen &amp#27;[0m&amp#27;[32mUser will be redirected to the Home Page of OrangeHRM&amp#27;[0m        &amp#27;[90m# stepDefinitions.LoginPageSteps.user_will_be_redirected_to_the_home_page_of_orange_hrm()&amp#27;[0m
  &amp#27;[32mThen &amp#27;[0m&amp#27;[32mUser will click to the maitenance button&amp#27;[0m                     &amp#27;[90m# stepDefinitions.MaintenancePageSteps.user_will_click_to_the_maitenance_button()&amp#27;[0m
  &amp#27;[32mAnd &amp#27;[0m&amp#27;[32mUser is enter the password for Administration Access&amp#27;[0m          &amp#27;[90m# stepDefinitions.MaintenancePageSteps.user_is_enter_the_password_for_administration_access()&amp#27;[0m
  &amp#27;[32mThen &amp#27;[0m&amp#27;[32mUser will be redirected to the Maintenance Page of OrangeHRM&amp#27;[0m &amp#27;[90m# stepDefinitions.MaintenancePageSteps.user_will_be_redirected_to_the_maintenance_page_of_orange_hrm()&amp#27;[0m
  &amp#27;[32mAnd &amp#27;[0m&amp#27;[32muser will click on the Purge Record dropdown option&amp#27;[0m           &amp#27;[90m# stepDefinitions.MaintenancePageSteps.user_will_click_on_the_purge_record_dropdown_option()&amp#27;[0m
  &amp#27;[32mWhen &amp#27;[0m&amp#27;[32mUser will select the Candidate Record&amp#27;[0m                        &amp#27;[90m# stepDefinitions.MaintenancePageSteps.user_will_select_the_candidate_record()&amp#27;[0m
  &amp#27;[32mThen &amp#27;[0m&amp#27;[32mUser enter the text into the vacancy and select the option&amp#27;[0m   &amp#27;[90m# stepDefinitions.MaintenancePageSteps.user_enter_the_text_into_the_vacancy_and_select_the_option()&amp#27;[0m
  &amp#27;[32mAnd &amp#27;[0m&amp#27;[32mUser will initiate search&amp#27;[0m                                     &amp#27;[90m# stepDefinitions.MaintenancePageSteps.user_will_initiate_search()&amp#27;[0m
  &amp#27;[32mThen &amp#27;[0m&amp#27;[32muser will click the purge button&amp#27;[0m                             &amp#27;[90m# stepDefinitions.MaintenancePageSteps.user_will_click_the_purge_button()&amp#27;[0m
]]></system-out>
    <system-err><![CDATA[Starting ChromeDriver 122.0.6261.128 (f18a44fedeb29764b2b5336c120fdd90ef1a3f5c-refs/branch-heads/6261@{#1057}) on port 45897
Only local connections are allowed.
Please see https://chromedriver.chromium.org/security-considerations for suggestions on keeping ChromeDriver safe.
ChromeDriver was started successfully.
Mar 18, 2024 11:38:51 AM org.openqa.selenium.devtools.CdpVersionFinder findNearestMatch
WARNING: Unable to find CDP implementation matching 122
Mar 18, 2024 11:38:51 AM org.openqa.selenium.chromium.ChromiumDriver lambda$new$3
WARNING: Unable to find version of CDP to use for . You may need to include a dependency on a specific version of the CDP using something similar to `org.seleniumhq.selenium:selenium-devtools-v86:4.8.2` where the version ("v86") matches the version of the chromium-based browser you're using and the version number of the artifact is the same as Selenium's.
]]></system-err>
  </testcase>
  <testcase name="runScenario[&quot;Employees Records&quot;, &quot;maintanance Functionality&quot;](5)" classname="testRunner.TestngTestRunner" time="26.42">
    <system-out><![CDATA[
Scenario: Employees Records                                                &amp#27;[90m# features/3_Maintenance.feature:18&amp#27;[0m
  &amp#27;[32mGiven &amp#27;[0m&amp#27;[32mUser is on the Login Page&amp#27;[0m                                          &amp#27;[90m# stepDefinitions.LoginPageSteps.user_is_on_the_login_page()&amp#27;[0m
  &amp#27;[32mWhen &amp#27;[0m&amp#27;[32mUser enters the valid username and password&amp#27;[0m                         &amp#27;[90m# stepDefinitions.DirectoryPageSteps.user_enters_the_valid_username_and_password()&amp#27;[0m
  &amp#27;[32mThen &amp#27;[0m&amp#27;[32mUser will be redirected to the Home Page of OrangeHRM&amp#27;[0m               &amp#27;[90m# stepDefinitions.LoginPageSteps.user_will_be_redirected_to_the_home_page_of_orange_hrm()&amp#27;[0m
  &amp#27;[32mThen &amp#27;[0m&amp#27;[32mUser will click to the maitenance button&amp#27;[0m                            &amp#27;[90m# stepDefinitions.MaintenancePageSteps.user_will_click_to_the_maitenance_button()&amp#27;[0m
  &amp#27;[32mAnd &amp#27;[0m&amp#27;[32mUser is enter the password for Administration Access&amp#27;[0m                 &amp#27;[90m# stepDefinitions.MaintenancePageSteps.user_is_enter_the_password_for_administration_access()&amp#27;[0m
  &amp#27;[32mThen &amp#27;[0m&amp#27;[32mUser will be redirected to the Maintenance Page of OrangeHRM&amp#27;[0m        &amp#27;[90m# stepDefinitions.MaintenancePageSteps.user_will_be_redirected_to_the_maintenance_page_of_orange_hrm()&amp#27;[0m
  &amp#27;[32mAnd &amp#27;[0m&amp#27;[32muser will click on the Purge Record dropdown option&amp#27;[0m                  &amp#27;[90m# stepDefinitions.MaintenancePageSteps.user_will_click_on_the_purge_record_dropdown_option()&amp#27;[0m
  &amp#27;[32mWhen &amp#27;[0m&amp#27;[32mUser will select the Employee Record&amp#27;[0m                                &amp#27;[90m# stepDefinitions.MaintenancePageSteps.user_will_select_the_employee_record()&amp#27;[0m
  &amp#27;[32mThen &amp#27;[0m&amp#27;[32menter the text into the Past Employee textbox and select the option&amp#27;[0m &amp#27;[90m# stepDefinitions.MaintenancePageSteps.enter_the_text_into_the_past_employee_textbox_and_select_the_option()&amp#27;[0m
  &amp#27;[32mAnd &amp#27;[0m&amp#27;[32mUser will initiate search&amp#27;[0m                                            &amp#27;[90m# stepDefinitions.MaintenancePageSteps.user_will_initiate_search()&amp#27;[0m
]]></system-out>
    <system-err><![CDATA[Starting ChromeDriver 122.0.6261.128 (f18a44fedeb29764b2b5336c120fdd90ef1a3f5c-refs/branch-heads/6261@{#1057}) on port 27851
Only local connections are allowed.
Please see https://chromedriver.chromium.org/security-considerations for suggestions on keeping ChromeDriver safe.
ChromeDriver was started successfully.
Mar 18, 2024 11:39:21 AM org.openqa.selenium.devtools.CdpVersionFinder findNearestMatch
WARNING: Unable to find CDP implementation matching 122
Mar 18, 2024 11:39:21 AM org.openqa.selenium.chromium.ChromiumDriver lambda$new$3
WARNING: Unable to find version of CDP to use for . You may need to include a dependency on a specific version of the CDP using something similar to `org.seleniumhq.selenium:selenium-devtools-v86:4.8.2` where the version ("v86") matches the version of the chromium-based browser you're using and the version number of the artifact is the same as Selenium's.
]]></system-err>
  </testcase>
  <testcase name="runScenario[&quot;Confirm Purge Records&quot;, &quot;maintanance Functionality&quot;](6)" classname="testRunner.TestngTestRunner" time="20.892">
    <system-out><![CDATA[
Scenario: Confirm Purge Records                                     &amp#27;[90m# features/3_Maintenance.feature:23&amp#27;[0m
  &amp#27;[32mGiven &amp#27;[0m&amp#27;[32mUser is on the Login Page&amp#27;[0m                                   &amp#27;[90m# stepDefinitions.LoginPageSteps.user_is_on_the_login_page()&amp#27;[0m
  &amp#27;[32mWhen &amp#27;[0m&amp#27;[32mUser enters the valid username and password&amp#27;[0m                  &amp#27;[90m# stepDefinitions.DirectoryPageSteps.user_enters_the_valid_username_and_password()&amp#27;[0m
  &amp#27;[32mThen &amp#27;[0m&amp#27;[32mUser will be redirected to the Home Page of OrangeHRM&amp#27;[0m        &amp#27;[90m# stepDefinitions.LoginPageSteps.user_will_be_redirected_to_the_home_page_of_orange_hrm()&amp#27;[0m
  &amp#27;[32mThen &amp#27;[0m&amp#27;[32mUser will click to the maitenance button&amp#27;[0m                     &amp#27;[90m# stepDefinitions.MaintenancePageSteps.user_will_click_to_the_maitenance_button()&amp#27;[0m
  &amp#27;[32mAnd &amp#27;[0m&amp#27;[32mUser is enter the password for Administration Access&amp#27;[0m          &amp#27;[90m# stepDefinitions.MaintenancePageSteps.user_is_enter_the_password_for_administration_access()&amp#27;[0m
  &amp#27;[32mThen &amp#27;[0m&amp#27;[32mUser will be redirected to the Maintenance Page of OrangeHRM&amp#27;[0m &amp#27;[90m# stepDefinitions.MaintenancePageSteps.user_will_be_redirected_to_the_maintenance_page_of_orange_hrm()&amp#27;[0m
  &amp#27;[32mAnd &amp#27;[0m&amp#27;[32muser will click on the Purge Record dropdown option&amp#27;[0m           &amp#27;[90m# stepDefinitions.MaintenancePageSteps.user_will_click_on_the_purge_record_dropdown_option()&amp#27;[0m
  &amp#27;[32mThen &amp#27;[0m&amp#27;[32muser click on the Yes, Purge button to confirm the purge&amp#27;[0m     &amp#27;[90m# stepDefinitions.MaintenancePageSteps.user_click_on_the_yes_purge_button_to_confirm_the_purge()&amp#27;[0m
]]></system-out>
    <system-err><![CDATA[Starting ChromeDriver 122.0.6261.128 (f18a44fedeb29764b2b5336c120fdd90ef1a3f5c-refs/branch-heads/6261@{#1057}) on port 12658
Only local connections are allowed.
Please see https://chromedriver.chromium.org/security-considerations for suggestions on keeping ChromeDriver safe.
ChromeDriver was started successfully.
Mar 18, 2024 11:39:47 AM org.openqa.selenium.devtools.CdpVersionFinder findNearestMatch
WARNING: Unable to find CDP implementation matching 122
Mar 18, 2024 11:39:47 AM org.openqa.selenium.chromium.ChromiumDriver lambda$new$3
WARNING: Unable to find version of CDP to use for . You may need to include a dependency on a specific version of the CDP using something similar to `org.seleniumhq.selenium:selenium-devtools-v86:4.8.2` where the version ("v86") matches the version of the chromium-based browser you're using and the version number of the artifact is the same as Selenium's.
]]></system-err>
  </testcase>
  <testcase name="runScenario[&quot;Access Records options&quot;, &quot;maintanance Functionality&quot;](7)" classname="testRunner.TestngTestRunner" time="31.56">
    <system-out><![CDATA[
Scenario: Access Records options                                    &amp#27;[90m# features/3_Maintenance.feature:26&amp#27;[0m
  &amp#27;[32mGiven &amp#27;[0m&amp#27;[32mUser is on the Login Page&amp#27;[0m                                   &amp#27;[90m# stepDefinitions.LoginPageSteps.user_is_on_the_login_page()&amp#27;[0m
  &amp#27;[32mWhen &amp#27;[0m&amp#27;[32mUser enters the valid username and password&amp#27;[0m                  &amp#27;[90m# stepDefinitions.DirectoryPageSteps.user_enters_the_valid_username_and_password()&amp#27;[0m
  &amp#27;[32mThen &amp#27;[0m&amp#27;[32mUser will be redirected to the Home Page of OrangeHRM&amp#27;[0m        &amp#27;[90m# stepDefinitions.LoginPageSteps.user_will_be_redirected_to_the_home_page_of_orange_hrm()&amp#27;[0m
  &amp#27;[32mThen &amp#27;[0m&amp#27;[32mUser will click to the maitenance button&amp#27;[0m                     &amp#27;[90m# stepDefinitions.MaintenancePageSteps.user_will_click_to_the_maitenance_button()&amp#27;[0m
  &amp#27;[32mAnd &amp#27;[0m&amp#27;[32mUser is enter the password for Administration Access&amp#27;[0m          &amp#27;[90m# stepDefinitions.MaintenancePageSteps.user_is_enter_the_password_for_administration_access()&amp#27;[0m
  &amp#27;[32mThen &amp#27;[0m&amp#27;[32mUser will be redirected to the Maintenance Page of OrangeHRM&amp#27;[0m &amp#27;[90m# stepDefinitions.MaintenancePageSteps.user_will_be_redirected_to_the_maintenance_page_of_orange_hrm()&amp#27;[0m
  &amp#27;[32mAnd &amp#27;[0m&amp#27;[32muser will click on the Purge Record dropdown option&amp#27;[0m           &amp#27;[90m# stepDefinitions.MaintenancePageSteps.user_will_click_on_the_purge_record_dropdown_option()&amp#27;[0m
  &amp#27;[32mWhen &amp#27;[0m&amp#27;[32mUser will select the Access Record&amp#27;[0m                           &amp#27;[90m# stepDefinitions.MaintenancePageSteps.user_will_select_the_access_record()&amp#27;[0m
  &amp#27;[32mThen &amp#27;[0m&amp#27;[32mUser enters the Name in Employee name texbox&amp#27;[0m                 &amp#27;[90m# stepDefinitions.MaintenancePageSteps.user_enters_the_name_in_employee_name_texbox()&amp#27;[0m
  &amp#27;[32mAnd &amp#27;[0m&amp#27;[32mselect the name from the options&amp#27;[0m                              &amp#27;[90m# stepDefinitions.MaintenancePageSteps.select_the_name_from_the_options()&amp#27;[0m
  &amp#27;[32mAnd &amp#27;[0m&amp#27;[32mUser will initiate search&amp#27;[0m                                     &amp#27;[90m# stepDefinitions.MaintenancePageSteps.user_will_initiate_search()&amp#27;[0m
  &amp#27;[32mThen &amp#27;[0m&amp#27;[32muser click the download button&amp#27;[0m                               &amp#27;[90m# stepDefinitions.MaintenancePageSteps.user_click_the_download_button()&amp#27;[0m
]]></system-out>
    <system-err><![CDATA[Starting ChromeDriver 122.0.6261.128 (f18a44fedeb29764b2b5336c120fdd90ef1a3f5c-refs/branch-heads/6261@{#1057}) on port 34486
Only local connections are allowed.
Please see https://chromedriver.chromium.org/security-considerations for suggestions on keeping ChromeDriver safe.
ChromeDriver was started successfully.
Mar 18, 2024 11:40:08 AM org.openqa.selenium.devtools.CdpVersionFinder findNearestMatch
WARNING: Unable to find CDP implementation matching 122
Mar 18, 2024 11:40:08 AM org.openqa.selenium.chromium.ChromiumDriver lambda$new$3
WARNING: Unable to find version of CDP to use for . You may need to include a dependency on a specific version of the CDP using something similar to `org.seleniumhq.selenium:selenium-devtools-v86:4.8.2` where the version ("v86") matches the version of the chromium-based browser you're using and the version number of the artifact is the same as Selenium's.
]]></system-err>
  </testcase>
  <testcase name="testApp on testApp(org.UI.Testing.AppTest)" classname="org.UI.Testing.AppTest" time="0.001">
    <system-out><![CDATA[2024-03-78 11:03:435 DEBUG cache:45 - Couldn't find template in cache for "html/v3-html-index.ftl"("en_IN", UTF-8, parsed); will try to load it.
2024-03-78 11:03:437 DEBUG cache:45 - TemplateLoader.findTemplateSource("html/v3-html-index_en_IN.ftl"): Not found
2024-03-78 11:03:439 DEBUG cache:45 - TemplateLoader.findTemplateSource("html/v3-html-index_en.ftl"): Not found
2024-03-78 11:03:441 DEBUG cache:45 - TemplateLoader.findTemplateSource("html/v3-html-index.ftl"): Found
2024-03-78 11:03:441 DEBUG cache:45 - Loading template for "html/v3-html-index.ftl"("en_IN", UTF-8, parsed) from "jar:file:/C:/Users/harshil.suthar/.m2/repository/tech/grasshopper/htmlextentreporter/1.0.1/htmlextentreporter-1.0.1.jar!/com/aventstack/extentreports/templates/html/v3-html-index.ftl"
2024-03-78 11:03:567 DEBUG cache:45 - Couldn't find template in cache for "commons/commons-variables.ftl"("en_IN", UTF-8, parsed); will try to load it.
2024-03-78 11:03:567 DEBUG cache:45 - TemplateLoader.findTemplateSource("commons/commons-variables_en_IN.ftl"): Not found
2024-03-78 11:03:568 DEBUG cache:45 - TemplateLoader.findTemplateSource("commons/commons-variables_en.ftl"): Not found
2024-03-78 11:03:569 DEBUG cache:45 - TemplateLoader.findTemplateSource("commons/commons-variables.ftl"): Found
2024-03-78 11:03:569 DEBUG cache:45 - Loading template for "commons/commons-variables.ftl"("en_IN", UTF-8, parsed) from "jar:file:/C:/Users/harshil.suthar/.m2/repository/com/aventstack/extentreports/5.0.9/extentreports-5.0.9.jar!/com/aventstack/extentreports/templates/commons/commons-variables.ftl"
2024-03-78 11:03:632 DEBUG cache:45 - Couldn't find template in cache for "html/v3-html-head.ftl"("en_IN", UTF-8, parsed); will try to load it.
2024-03-78 11:03:633 DEBUG cache:45 - TemplateLoader.findTemplateSource("html/v3-html-head_en_IN.ftl"): Not found
2024-03-78 11:03:633 DEBUG cache:45 - TemplateLoader.findTemplateSource("html/v3-html-head_en.ftl"): Not found
2024-03-78 11:03:634 DEBUG cache:45 - TemplateLoader.findTemplateSource("html/v3-html-head.ftl"): Found
2024-03-78 11:03:635 DEBUG cache:45 - Loading template for "html/v3-html-head.ftl"("en_IN", UTF-8, parsed) from "jar:file:/C:/Users/harshil.suthar/.m2/repository/tech/grasshopper/htmlextentreporter/1.0.1/htmlextentreporter-1.0.1.jar!/com/aventstack/extentreports/templates/html/v3-html-head.ftl"
2024-03-78 11:03:640 DEBUG beans:45 - Key "styles" was not found on instance of com.aventstack.extentreports.reporter.configuration.ExtentHtmlReporterConfig. Introspection information for the class is: {getClass=public final native java.lang.Class java.lang.Object.getClass(), css=freemarker.ext.beans.FastPropertyDescriptor@1d2d4d7a, getStore=public com.aventstack.extentreports.config.ConfigStore com.aventstack.extentreports.reporter.configuration.AbstractConfiguration.getStore(), getDocumentTitle=public java.lang.String com.aventstack.extentreports.reporter.configuration.FileReporterConfig.getDocumentTitle(), setProtocol=public void com.aventstack.extentreports.reporter.configuration.InteractiveReporterConfig.setProtocol(com.aventstack.extentreports.reporter.configuration.Protocol), getTimeStampFormat=public java.lang.String com.aventstack.extentreports.reporter.configuration.AbstractConfiguration.getTimeStampFormat(), getReportName=public java.lang.String com.aventstack.extentreports.reporter.configuration.AbstractConfiguration.getReportName(), getEncoding=public java.lang.String com.aventstack.extentreports.reporter.configuration.FileReporterConfig.getEncoding(), protocol=freemarker.ext.beans.FastPropertyDescriptor@5e020dd1, getEnableTimeline=public java.lang.Boolean com.aventstack.extentreports.reporter.configuration.ExtentHtmlReporterConfig.getEnableTimeline(), getChartVisibleOnOpen=public java.lang.Boolean com.aventstack.extentreports.reporter.configuration.ExtentHtmlReporterConfig.getChartVisibleOnOpen(), documentTitle=freemarker.ext.beans.FastPropertyDescriptor@4bbc02ef, isTimelineEnabled=public boolean com.aventstack.extentreports.reporter.configuration.InteractiveReporterConfig.isTimelineEnabled(), enableCategoryView=freemarker.ext.beans.FastPropertyDescriptor@f0c1ae1, setEnableTimeline=public void com.aventstack.extentreports.reporter.configuration.ExtentHtmlReporterConfig.setEnableTimeline(java.lang.Boolean), offlineMode=freemarker.ext.beans.FastPropertyDescriptor@783dc0e7, getEnableTestRunnerLogsView=public java.lang.Boolean com.aventstack.extentreports.reporter.configuration.ExtentHtmlReporterConfig.getEnableTestRunnerLogsView(), getTheme=public com.aventstack.extentreports.reporter.configuration.Theme com.aventstack.extentreports.reporter.configuration.InteractiveReporterConfig.getTheme(), timelineEnabled=freemarker.ext.beans.FastPropertyDescriptor@361f26b4, setEnableExceptionView=public void com.aventstack.extentreports.reporter.configuration.ExtentHtmlReporterConfig.setEnableExceptionView(java.lang.Boolean), setEnableCategoryView=public void com.aventstack.extentreports.reporter.configuration.ExtentHtmlReporterConfig.setEnableCategoryView(java.lang.Boolean), setOfflineMode=public void com.aventstack.extentreports.reporter.configuration.ExtentHtmlReporterConfig.setOfflineMode(java.lang.Boolean), enableOfflineMode=public void com.aventstack.extentreports.reporter.configuration.ExtentHtmlReporterConfig.enableOfflineMode(java.lang.Boolean), resourceCDN=freemarker.ext.beans.FastPropertyDescriptor@1d9ff1e2, setChartVisibleOnOpen=public void com.aventstack.extentreports.reporter.configuration.ExtentHtmlReporterConfig.setChartVisibleOnOpen(java.lang.Boolean), encoding=freemarker.ext.beans.FastPropertyDescriptor@722b3ba2, setDocumentTitle=public void com.aventstack.extentreports.reporter.configuration.FileReporterConfig.setDocumentTitle(java.lang.String), setResourceCDN=public void com.aventstack.extentreports.reporter.configuration.ExtentHtmlReporterConfig.setResourceCDN(java.lang.String), getOfflineMode=public java.lang.Boolean com.aventstack.extentreports.reporter.configuration.ExtentHtmlReporterConfig.getOfflineMode(), chartVisibleOnOpen=freemarker.ext.beans.FastPropertyDescriptor@6487f7f8, getReporter=public com.aventstack.extentreports.reporter.AbstractReporter com.aventstack.extentreports.reporter.configuration.AbstractConfiguration.getReporter(), setTheme=public void com.aventstack.extentreports.reporter.configuration.InteractiveReporterConfig.setTheme(com.aventstack.extentreports.reporter.configuration.Theme), enableTestRunnerLogsView=freemarker.ext.beans.FastPropertyDescriptor@2b62475a, enableAuthorView=freemarker.ext.beans.FastPropertyDescriptor@4990b335, java.lang.Object@21526f6c={public java.lang.String java.lang.Object.toString()=[Ljava.lang.Class;@624d778e, public void com.aventstack.extentreports.reporter.configuration.ExtentHtmlReporterConfig.setChartVisibleOnOpen(java.lang.Boolean)=[Ljava.lang.Class;@39ae6408, public void com.aventstack.extentreports.reporter.configuration.ExtentHtmlReporterConfig.enableOfflineMode(java.lang.Boolean)=[Ljava.lang.Class;@cfacf0, public void com.aventstack.extentreports.reporter.configuration.ExtentHtmlReporterConfig.setEnableAuthorView(java.lang.Boolean)=[Ljava.lang.Class;@4c8abec7, public void com.aventstack.extentreports.reporter.configuration.InteractiveReporterConfig.setTheme(com.aventstack.extentreports.reporter.configuration.Theme)=[Ljava.lang.Class;@45f241df, public java.lang.String com.aventstack.extentreports.reporter.configuration.FileReporterConfig.getEncoding()=[Ljava.lang.Class;@f36f34d, public void com.aventstack.extentreports.reporter.configuration.ExtentHtmlReporterConfig.setResourceCDN(java.lang.String)=[Ljava.lang.Class;@72e36677, public java.lang.Boolean com.aventstack.extentreports.reporter.configuration.ExtentHtmlReporterConfig.getOfflineMode()=[Ljava.lang.Class;@6b86826a, public java.lang.String com.aventstack.extentreports.reporter.configuration.ExtentHtmlReporterConfig.getTestViewChartLocation()=[Ljava.lang.Class;@3c2dda7c, public java.lang.String com.aventstack.extentreports.reporter.configuration.ExtentHtmlReporterConfig.getResourceCDN()=[Ljava.lang.Class;@4b9fa2f, public java.lang.Boolean com.aventstack.extentreports.reporter.configuration.ExtentHtmlReporterConfig.getEnableTestRunnerLogsView()=[Ljava.lang.Class;@6d80e411, public void com.aventstack.extentreports.reporter.configuration.ExtentHtmlReporterConfig.setEnableTestRunnerLogsView(java.lang.Boolean)=[Ljava.lang.Class;@32caae19, public void com.aventstack.extentreports.reporter.configuration.ExtentHtmlReporterConfig.setEnableTimeline(java.lang.Boolean)=[Ljava.lang.Class;@60e67c06, public boolean java.lang.Object.equals(java.lang.Object)=[Ljava.lang.Class;@2bc59ab7, public void com.aventstack.extentreports.reporter.configuration.ExtentHtmlReporterConfig.setOfflineMode(java.lang.Boolean)=[Ljava.lang.Class;@410f53b2, public void com.aventstack.extentreports.reporter.configuration.ExtentHtmlReporterConfig.setEnableExceptionView(java.lang.Boolean)=[Ljava.lang.Class;@265287ec, public void com.aventstack.extentreports.reporter.configuration.ExtentHtmlReporterConfig.setEnableCategoryView(java.lang.Boolean)=[Ljava.lang.Class;@7507d96c, public void com.aventstack.extentreports.reporter.configuration.FileReporterConfig.setEncoding(java.lang.String)=[Ljava.lang.Class;@7210f559, public java.lang.String com.aventstack.extentreports.reporter.configuration.AbstractConfiguration.getReportName()=[Ljava.lang.Class;@49b9ba6a, public java.lang.String com.aventstack.extentreports.reporter.configuration.AbstractConfiguration.getTimeStampFormat()=[Ljava.lang.Class;@7be62956, public java.lang.String com.aventstack.extentreports.reporter.configuration.FileReporterConfig.getDocumentTitle()=[Ljava.lang.Class;@30e143ff, public java.lang.Boolean com.aventstack.extentreports.reporter.configuration.ExtentHtmlReporterConfig.getEnableExceptionView()=[Ljava.lang.Class;@452ec287, public java.lang.Boolean com.aventstack.extentreports.reporter.configuration.ExtentHtmlReporterConfig.getEnableCategoryView()=[Ljava.lang.Class;@41404aa2, public com.aventstack.extentreports.reporter.configuration.Protocol com.aventstack.extentreports.reporter.configuration.InteractiveReporterConfig.getProtocol()=[Ljava.lang.Class;@b267745, public java.lang.String com.aventstack.extentreports.reporter.configuration.InteractiveReporterConfig.getJs()=[Ljava.lang.Class;@31e22365, public com.aventstack.extentreports.config.ConfigStore com.aventstack.extentreports.reporter.configuration.AbstractConfiguration.getStore()=[Ljava.lang.Class;@2ebf524, public com.aventstack.extentreports.reporter.configuration.Theme com.aventstack.extentreports.reporter.configuration.InteractiveReporterConfig.getTheme()=[Ljava.lang.Class;@41bdaa81, public void com.aventstack.extentreports.reporter.configuration.InteractiveReporterConfig.setTimelineEnabled(boolean)=[Ljava.lang.Class;@799971ac, public boolean com.aventstack.extentreports.reporter.configuration.InteractiveReporterConfig.isTimelineEnabled()=[Ljava.lang.Class;@59c08cf1, public java.lang.Boolean com.aventstack.extentreports.reporter.configuration.ExtentHtmlReporterConfig.getEnableAuthorView()=[Ljava.lang.Class;@45f0038, public void com.aventstack.extentreports.reporter.configuration.AbstractConfiguration.setTimeStampFormat(java.lang.String)=[Ljava.lang.Class;@289a4b90, public void com.aventstack.extentreports.reporter.configuration.AbstractConfiguration.setReporter(com.aventstack.extentreports.reporter.AbstractReporter)=[Ljava.lang.Class;@1a3c4b3e, public java.lang.Boolean com.aventstack.extentreports.reporter.configuration.ExtentHtmlReporterConfig.getDisableToggleActionForPassedNode()=[Ljava.lang.Class;@4746fb8c, public com.aventstack.extentreports.reporter.AbstractReporter com.aventstack.extentreports.reporter.configuration.AbstractConfiguration.getReporter()=[Ljava.lang.Class;@3be46d9c, public void com.aventstack.extentreports.reporter.configuration.ExtentHtmlReporterConfig.setTestViewChartLocation(java.lang.String)=[Ljava.lang.Class;@41d877bb, public native int java.lang.Object.hashCode()=[Ljava.lang.Class;@39c5a105, public java.lang.Boolean com.aventstack.extentreports.reporter.configuration.ExtentHtmlReporterConfig.getChartVisibleOnOpen()=[Ljava.lang.Class;@492fa72a, public static com.aventstack.extentreports.reporter.configuration.ExtentHtmlReporterConfig$ExtentHtmlReporterConfigBuilder com.aventstack.extentreports.reporter.configuration.ExtentHtmlReporterConfig.builder()=[Ljava.lang.Class;@513fab1e, public void com.aventstack.extentreports.reporter.configuration.InteractiveReporterConfig.setJs(java.lang.String)=[Ljava.lang.Class;@53d87b2d, public void com.aventstack.extentreports.reporter.configuration.AbstractConfiguration.setReportName(java.lang.String)=[Ljava.lang.Class;@470135da, public void com.aventstack.extentreports.reporter.configuration.FileReporterConfig.setDocumentTitle(java.lang.String)=[Ljava.lang.Class;@7323dce7, public void com.aventstack.extentreports.reporter.configuration.ExtentHtmlReporterConfig.setDisableToggleActionForPassedNode(java.lang.Boolean)=[Ljava.lang.Class;@5f68eec6, public java.lang.String com.aventstack.extentreports.reporter.configuration.InteractiveReporterConfig.getCss()=[Ljava.lang.Class;@4ff9f715, public void com.aventstack.extentreports.reporter.configuration.InteractiveReporterConfig.setProtocol(com.aventstack.extentreports.reporter.configuration.Protocol)=[Ljava.lang.Class;@118a4d5, public final native java.lang.Class java.lang.Object.getClass()=[Ljava.lang.Class;@6cb194f5, public java.lang.Boolean com.aventstack.extentreports.reporter.configuration.ExtentHtmlReporterConfig.getEnableTimeline()=[Ljava.lang.Class;@74b7497b, public void com.aventstack.extentreports.reporter.configuration.InteractiveReporterConfig.setCss(java.lang.String)=[Ljava.lang.Class;@74f649a7}, setTestViewChartLocation=public void com.aventstack.extentreports.reporter.configuration.ExtentHtmlReporterConfig.setTestViewChartLocation(java.lang.String), setCss=public void com.aventstack.extentreports.reporter.configuration.InteractiveReporterConfig.setCss(java.lang.String), reportName=freemarker.ext.beans.FastPropertyDescriptor@308c65e0, setEncoding=public void com.aventstack.extentreports.reporter.configuration.FileReporterConfig.setEncoding(java.lang.String), testViewChartLocation=freemarker.ext.beans.FastPropertyDescriptor@50fa5938, getCss=public java.lang.String com.aventstack.extentreports.reporter.configuration.InteractiveReporterConfig.getCss(), js=freemarker.ext.beans.FastPropertyDescriptor@1e482ecd, getEnableAuthorView=public java.lang.Boolean com.aventstack.extentreports.reporter.configuration.ExtentHtmlReporterConfig.getEnableAuthorView(), getDisableToggleActionForPassedNode=public java.lang.Boolean com.aventstack.extentreports.reporter.configuration.ExtentHtmlReporterConfig.getDisableToggleActionForPassedNode(), setJs=public void com.aventstack.extentreports.reporter.configuration.InteractiveReporterConfig.setJs(java.lang.String), setDisableToggleActionForPassedNode=public void com.aventstack.extentreports.reporter.configuration.ExtentHtmlReporterConfig.setDisableToggleActionForPassedNode(java.lang.Boolean), hashCode=public native int java.lang.Object.hashCode(), builder=public static com.aventstack.extentreports.reporter.configuration.ExtentHtmlReporterConfig$ExtentHtmlReporterConfigBuilder com.aventstack.extentreports.reporter.configuration.ExtentHtmlReporterConfig.builder(), theme=freemarker.ext.beans.FastPropertyDescriptor@58b5f7d2, enableTimeline=freemarker.ext.beans.FastPropertyDescriptor@bc52a41, class=freemarker.ext.beans.FastPropertyDescriptor@9f48198, setEnableTestRunnerLogsView=public void com.aventstack.extentreports.reporter.configuration.ExtentHtmlReporterConfig.setEnableTestRunnerLogsView(java.lang.Boolean), setReportName=public void com.aventstack.extentreports.reporter.configuration.AbstractConfiguration.setReportName(java.lang.String), getResourceCDN=public java.lang.String com.aventstack.extentreports.reporter.configuration.ExtentHtmlReporterConfig.getResourceCDN(), getTestViewChartLocation=public java.lang.String com.aventstack.extentreports.reporter.configuration.ExtentHtmlReporterConfig.getTestViewChartLocation(), setTimelineEnabled=public void com.aventstack.extentreports.reporter.configuration.InteractiveReporterConfig.setTimelineEnabled(boolean), getJs=public java.lang.String com.aventstack.extentreports.reporter.configuration.InteractiveReporterConfig.getJs(), enableExceptionView=freemarker.ext.beans.FastPropertyDescriptor@5615f82d, setEnableAuthorView=public void com.aventstack.extentreports.reporter.configuration.ExtentHtmlReporterConfig.setEnableAuthorView(java.lang.Boolean), reporter=freemarker.ext.beans.FastPropertyDescriptor@21698e5a, getProtocol=public com.aventstack.extentreports.reporter.configuration.Protocol com.aventstack.extentreports.reporter.configuration.InteractiveReporterConfig.getProtocol(), store=freemarker.ext.beans.FastPropertyDescriptor@3dc2f14, timeStampFormat=freemarker.ext.beans.FastPropertyDescriptor@2e8986b6, disableToggleActionForPassedNode=freemarker.ext.beans.FastPropertyDescriptor@5724c7da, equals=public boolean java.lang.Object.equals(java.lang.Object), toString=public java.lang.String java.lang.Object.toString(), setTimeStampFormat=public void com.aventstack.extentreports.reporter.configuration.AbstractConfiguration.setTimeStampFormat(java.lang.String), setReporter=public void com.aventstack.extentreports.reporter.configuration.AbstractConfiguration.setReporter(com.aventstack.extentreports.reporter.AbstractReporter), getEnableExceptionView=public java.lang.Boolean com.aventstack.extentreports.reporter.configuration.ExtentHtmlReporterConfig.getEnableExceptionView(), getEnableCategoryView=public java.lang.Boolean com.aventstack.extentreports.reporter.configuration.ExtentHtmlReporterConfig.getEnableCategoryView()}
2024-03-78 11:03:641 DEBUG cache:45 - Couldn't find template in cache for "html/v3-html-nav.ftl"("en_IN", UTF-8, parsed); will try to load it.
2024-03-78 11:03:642 DEBUG cache:45 - TemplateLoader.findTemplateSource("html/v3-html-nav_en_IN.ftl"): Not found
2024-03-78 11:03:643 DEBUG cache:45 - TemplateLoader.findTemplateSource("html/v3-html-nav_en.ftl"): Not found
2024-03-78 11:03:644 DEBUG cache:45 - TemplateLoader.findTemplateSource("html/v3-html-nav.ftl"): Found
2024-03-78 11:03:644 DEBUG cache:45 - Loading template for "html/v3-html-nav.ftl"("en_IN", UTF-8, parsed) from "jar:file:/C:/Users/harshil.suthar/.m2/repository/tech/grasshopper/htmlextentreporter/1.0.1/htmlextentreporter-1.0.1.jar!/com/aventstack/extentreports/templates/html/v3-html-nav.ftl"
2024-03-78 11:03:658 DEBUG cache:45 - Couldn't find template in cache for "html/test-view/v3-html-test-view.ftl"("en_IN", UTF-8, parsed); will try to load it.
2024-03-78 11:03:659 DEBUG cache:45 - TemplateLoader.findTemplateSource("html/test-view/v3-html-test-view_en_IN.ftl"): Not found
2024-03-78 11:03:659 DEBUG cache:45 - TemplateLoader.findTemplateSource("html/test-view/v3-html-test-view_en.ftl"): Not found
2024-03-78 11:03:660 DEBUG cache:45 - TemplateLoader.findTemplateSource("html/test-view/v3-html-test-view.ftl"): Found
2024-03-78 11:03:661 DEBUG cache:45 - Loading template for "html/test-view/v3-html-test-view.ftl"("en_IN", UTF-8, parsed) from "jar:file:/C:/Users/harshil.suthar/.m2/repository/tech/grasshopper/htmlextentreporter/1.0.1/htmlextentreporter-1.0.1.jar!/com/aventstack/extentreports/templates/html/test-view/v3-html-test-view.ftl"
2024-03-78 11:03:671 DEBUG cache:45 - Couldn't find template in cache for "html/test-view/v3-html-test-view-charts.ftl"("en_IN", UTF-8, parsed); will try to load it.
2024-03-78 11:03:672 DEBUG cache:45 - TemplateLoader.findTemplateSource("html/test-view/v3-html-test-view-charts_en_IN.ftl"): Not found
2024-03-78 11:03:673 DEBUG cache:45 - TemplateLoader.findTemplateSource("html/test-view/v3-html-test-view-charts_en.ftl"): Not found
2024-03-78 11:03:674 DEBUG cache:45 - TemplateLoader.findTemplateSource("html/test-view/v3-html-test-view-charts.ftl"): Found
2024-03-78 11:03:675 DEBUG cache:45 - Loading template for "html/test-view/v3-html-test-view-charts.ftl"("en_IN", UTF-8, parsed) from "jar:file:/C:/Users/harshil.suthar/.m2/repository/tech/grasshopper/htmlextentreporter/1.0.1/htmlextentreporter-1.0.1.jar!/com/aventstack/extentreports/templates/html/test-view/v3-html-test-view-charts.ftl"
2024-03-78 11:03:713 DEBUG cache:45 - Couldn't find template in cache for "html/test-view/v3-html-standard.ftl"("en_IN", UTF-8, parsed); will try to load it.
2024-03-78 11:03:714 DEBUG cache:45 - TemplateLoader.findTemplateSource("html/test-view/v3-html-standard_en_IN.ftl"): Not found
2024-03-78 11:03:715 DEBUG cache:45 - TemplateLoader.findTemplateSource("html/test-view/v3-html-standard_en.ftl"): Not found
2024-03-78 11:03:716 DEBUG cache:45 - TemplateLoader.findTemplateSource("html/test-view/v3-html-standard.ftl"): Found
2024-03-78 11:03:716 DEBUG cache:45 - Loading template for "html/test-view/v3-html-standard.ftl"("en_IN", UTF-8, parsed) from "jar:file:/C:/Users/harshil.suthar/.m2/repository/tech/grasshopper/htmlextentreporter/1.0.1/htmlextentreporter-1.0.1.jar!/com/aventstack/extentreports/templates/html/test-view/v3-html-standard.ftl"
2024-03-78 11:03:737 DEBUG cache:45 - "html/test-view/v3-html-standard.ftl"("en_IN", UTF-8, parsed) cached copy not yet stale; using cached.
2024-03-78 11:03:739 DEBUG cache:45 - "html/test-view/v3-html-standard.ftl"("en_IN", UTF-8, parsed) cached copy not yet stale; using cached.
2024-03-78 11:03:742 DEBUG cache:45 - "html/test-view/v3-html-standard.ftl"("en_IN", UTF-8, parsed) cached copy not yet stale; using cached.
2024-03-78 11:03:745 DEBUG cache:45 - "html/test-view/v3-html-standard.ftl"("en_IN", UTF-8, parsed) cached copy not yet stale; using cached.
2024-03-78 11:03:748 DEBUG cache:45 - "html/test-view/v3-html-standard.ftl"("en_IN", UTF-8, parsed) cached copy not yet stale; using cached.
2024-03-78 11:03:751 DEBUG cache:45 - "html/test-view/v3-html-standard.ftl"("en_IN", UTF-8, parsed) cached copy not yet stale; using cached.
2024-03-78 11:03:754 DEBUG cache:45 - Couldn't find template in cache for "html/dashboard-view/v3-html-dashboard-view.ftl"("en_IN", UTF-8, parsed); will try to load it.
2024-03-78 11:03:755 DEBUG cache:45 - TemplateLoader.findTemplateSource("html/dashboard-view/v3-html-dashboard-view_en_IN.ftl"): Not found
2024-03-78 11:03:756 DEBUG cache:45 - TemplateLoader.findTemplateSource("html/dashboard-view/v3-html-dashboard-view_en.ftl"): Not found
2024-03-78 11:03:756 DEBUG cache:45 - TemplateLoader.findTemplateSource("html/dashboard-view/v3-html-dashboard-view.ftl"): Found
2024-03-78 11:03:757 DEBUG cache:45 - Loading template for "html/dashboard-view/v3-html-dashboard-view.ftl"("en_IN", UTF-8, parsed) from "jar:file:/C:/Users/harshil.suthar/.m2/repository/tech/grasshopper/htmlextentreporter/1.0.1/htmlextentreporter-1.0.1.jar!/com/aventstack/extentreports/templates/html/dashboard-view/v3-html-dashboard-view.ftl"
2024-03-78 11:03:771 DEBUG beans:45 - Key "scripts" was not found on instance of com.aventstack.extentreports.reporter.configuration.ExtentHtmlReporterConfig. Introspection information for the class is: {getClass=public final native java.lang.Class java.lang.Object.getClass(), css=freemarker.ext.beans.FastPropertyDescriptor@1d2d4d7a, getStore=public com.aventstack.extentreports.config.ConfigStore com.aventstack.extentreports.reporter.configuration.AbstractConfiguration.getStore(), getDocumentTitle=public java.lang.String com.aventstack.extentreports.reporter.configuration.FileReporterConfig.getDocumentTitle(), setProtocol=public void com.aventstack.extentreports.reporter.configuration.InteractiveReporterConfig.setProtocol(com.aventstack.extentreports.reporter.configuration.Protocol), getTimeStampFormat=public java.lang.String com.aventstack.extentreports.reporter.configuration.AbstractConfiguration.getTimeStampFormat(), getReportName=public java.lang.String com.aventstack.extentreports.reporter.configuration.AbstractConfiguration.getReportName(), getEncoding=public java.lang.String com.aventstack.extentreports.reporter.configuration.FileReporterConfig.getEncoding(), protocol=freemarker.ext.beans.FastPropertyDescriptor@5e020dd1, getEnableTimeline=public java.lang.Boolean com.aventstack.extentreports.reporter.configuration.ExtentHtmlReporterConfig.getEnableTimeline(), getChartVisibleOnOpen=public java.lang.Boolean com.aventstack.extentreports.reporter.configuration.ExtentHtmlReporterConfig.getChartVisibleOnOpen(), documentTitle=freemarker.ext.beans.FastPropertyDescriptor@4bbc02ef, isTimelineEnabled=public boolean com.aventstack.extentreports.reporter.configuration.InteractiveReporterConfig.isTimelineEnabled(), enableCategoryView=freemarker.ext.beans.FastPropertyDescriptor@f0c1ae1, setEnableTimeline=public void com.aventstack.extentreports.reporter.configuration.ExtentHtmlReporterConfig.setEnableTimeline(java.lang.Boolean), offlineMode=freemarker.ext.beans.FastPropertyDescriptor@783dc0e7, getEnableTestRunnerLogsView=public java.lang.Boolean com.aventstack.extentreports.reporter.configuration.ExtentHtmlReporterConfig.getEnableTestRunnerLogsView(), getTheme=public com.aventstack.extentreports.reporter.configuration.Theme com.aventstack.extentreports.reporter.configuration.InteractiveReporterConfig.getTheme(), timelineEnabled=freemarker.ext.beans.FastPropertyDescriptor@361f26b4, setEnableExceptionView=public void com.aventstack.extentreports.reporter.configuration.ExtentHtmlReporterConfig.setEnableExceptionView(java.lang.Boolean), setEnableCategoryView=public void com.aventstack.extentreports.reporter.configuration.ExtentHtmlReporterConfig.setEnableCategoryView(java.lang.Boolean), setOfflineMode=public void com.aventstack.extentreports.reporter.configuration.ExtentHtmlReporterConfig.setOfflineMode(java.lang.Boolean), enableOfflineMode=public void com.aventstack.extentreports.reporter.configuration.ExtentHtmlReporterConfig.enableOfflineMode(java.lang.Boolean), resourceCDN=freemarker.ext.beans.FastPropertyDescriptor@1d9ff1e2, setChartVisibleOnOpen=public void com.aventstack.extentreports.reporter.configuration.ExtentHtmlReporterConfig.setChartVisibleOnOpen(java.lang.Boolean), encoding=freemarker.ext.beans.FastPropertyDescriptor@722b3ba2, setDocumentTitle=public void com.aventstack.extentreports.reporter.configuration.FileReporterConfig.setDocumentTitle(java.lang.String), setResourceCDN=public void com.aventstack.extentreports.reporter.configuration.ExtentHtmlReporterConfig.setResourceCDN(java.lang.String), getOfflineMode=public java.lang.Boolean com.aventstack.extentreports.reporter.configuration.ExtentHtmlReporterConfig.getOfflineMode(), chartVisibleOnOpen=freemarker.ext.beans.FastPropertyDescriptor@6487f7f8, getReporter=public com.aventstack.extentreports.reporter.AbstractReporter com.aventstack.extentreports.reporter.configuration.AbstractConfiguration.getReporter(), setTheme=public void com.aventstack.extentreports.reporter.configuration.InteractiveReporterConfig.setTheme(com.aventstack.extentreports.reporter.configuration.Theme), enableTestRunnerLogsView=freemarker.ext.beans.FastPropertyDescriptor@2b62475a, enableAuthorView=freemarker.ext.beans.FastPropertyDescriptor@4990b335, java.lang.Object@21526f6c={public java.lang.String java.lang.Object.toString()=[Ljava.lang.Class;@624d778e, public void com.aventstack.extentreports.reporter.configuration.ExtentHtmlReporterConfig.setChartVisibleOnOpen(java.lang.Boolean)=[Ljava.lang.Class;@39ae6408, public void com.aventstack.extentreports.reporter.configuration.ExtentHtmlReporterConfig.enableOfflineMode(java.lang.Boolean)=[Ljava.lang.Class;@cfacf0, public void com.aventstack.extentreports.reporter.configuration.ExtentHtmlReporterConfig.setEnableAuthorView(java.lang.Boolean)=[Ljava.lang.Class;@4c8abec7, public void com.aventstack.extentreports.reporter.configuration.InteractiveReporterConfig.setTheme(com.aventstack.extentreports.reporter.configuration.Theme)=[Ljava.lang.Class;@45f241df, public java.lang.String com.aventstack.extentreports.reporter.configuration.FileReporterConfig.getEncoding()=[Ljava.lang.Class;@f36f34d, public void com.aventstack.extentreports.reporter.configuration.ExtentHtmlReporterConfig.setResourceCDN(java.lang.String)=[Ljava.lang.Class;@72e36677, public java.lang.Boolean com.aventstack.extentreports.reporter.configuration.ExtentHtmlReporterConfig.getOfflineMode()=[Ljava.lang.Class;@6b86826a, public java.lang.String com.aventstack.extentreports.reporter.configuration.ExtentHtmlReporterConfig.getTestViewChartLocation()=[Ljava.lang.Class;@3c2dda7c, public java.lang.String com.aventstack.extentreports.reporter.configuration.ExtentHtmlReporterConfig.getResourceCDN()=[Ljava.lang.Class;@4b9fa2f, public java.lang.Boolean com.aventstack.extentreports.reporter.configuration.ExtentHtmlReporterConfig.getEnableTestRunnerLogsView()=[Ljava.lang.Class;@6d80e411, public void com.aventstack.extentreports.reporter.configuration.ExtentHtmlReporterConfig.setEnableTestRunnerLogsView(java.lang.Boolean)=[Ljava.lang.Class;@32caae19, public void com.aventstack.extentreports.reporter.configuration.ExtentHtmlReporterConfig.setEnableTimeline(java.lang.Boolean)=[Ljava.lang.Class;@60e67c06, public boolean java.lang.Object.equals(java.lang.Object)=[Ljava.lang.Class;@2bc59ab7, public void com.aventstack.extentreports.reporter.configuration.ExtentHtmlReporterConfig.setOfflineMode(java.lang.Boolean)=[Ljava.lang.Class;@410f53b2, public void com.aventstack.extentreports.reporter.configuration.ExtentHtmlReporterConfig.setEnableExceptionView(java.lang.Boolean)=[Ljava.lang.Class;@265287ec, public void com.aventstack.extentreports.reporter.configuration.ExtentHtmlReporterConfig.setEnableCategoryView(java.lang.Boolean)=[Ljava.lang.Class;@7507d96c, public void com.aventstack.extentreports.reporter.configuration.FileReporterConfig.setEncoding(java.lang.String)=[Ljava.lang.Class;@7210f559, public java.lang.String com.aventstack.extentreports.reporter.configuration.AbstractConfiguration.getReportName()=[Ljava.lang.Class;@49b9ba6a, public java.lang.String com.aventstack.extentreports.reporter.configuration.AbstractConfiguration.getTimeStampFormat()=[Ljava.lang.Class;@7be62956, public java.lang.String com.aventstack.extentreports.reporter.configuration.FileReporterConfig.getDocumentTitle()=[Ljava.lang.Class;@30e143ff, public java.lang.Boolean com.aventstack.extentreports.reporter.configuration.ExtentHtmlReporterConfig.getEnableExceptionView()=[Ljava.lang.Class;@452ec287, public java.lang.Boolean com.aventstack.extentreports.reporter.configuration.ExtentHtmlReporterConfig.getEnableCategoryView()=[Ljava.lang.Class;@41404aa2, public com.aventstack.extentreports.reporter.configuration.Protocol com.aventstack.extentreports.reporter.configuration.InteractiveReporterConfig.getProtocol()=[Ljava.lang.Class;@b267745, public java.lang.String com.aventstack.extentreports.reporter.configuration.InteractiveReporterConfig.getJs()=[Ljava.lang.Class;@31e22365, public com.aventstack.extentreports.config.ConfigStore com.aventstack.extentreports.reporter.configuration.AbstractConfiguration.getStore()=[Ljava.lang.Class;@2ebf524, public com.aventstack.extentreports.reporter.configuration.Theme com.aventstack.extentreports.reporter.configuration.InteractiveReporterConfig.getTheme()=[Ljava.lang.Class;@41bdaa81, public void com.aventstack.extentreports.reporter.configuration.InteractiveReporterConfig.setTimelineEnabled(boolean)=[Ljava.lang.Class;@799971ac, public boolean com.aventstack.extentreports.reporter.configuration.InteractiveReporterConfig.isTimelineEnabled()=[Ljava.lang.Class;@59c08cf1, public java.lang.Boolean com.aventstack.extentreports.reporter.configuration.ExtentHtmlReporterConfig.getEnableAuthorView()=[Ljava.lang.Class;@45f0038, public void com.aventstack.extentreports.reporter.configuration.AbstractConfiguration.setTimeStampFormat(java.lang.String)=[Ljava.lang.Class;@289a4b90, public void com.aventstack.extentreports.reporter.configuration.AbstractConfiguration.setReporter(com.aventstack.extentreports.reporter.AbstractReporter)=[Ljava.lang.Class;@1a3c4b3e, public java.lang.Boolean com.aventstack.extentreports.reporter.configuration.ExtentHtmlReporterConfig.getDisableToggleActionForPassedNode()=[Ljava.lang.Class;@4746fb8c, public com.aventstack.extentreports.reporter.AbstractReporter com.aventstack.extentreports.reporter.configuration.AbstractConfiguration.getReporter()=[Ljava.lang.Class;@3be46d9c, public void com.aventstack.extentreports.reporter.configuration.ExtentHtmlReporterConfig.setTestViewChartLocation(java.lang.String)=[Ljava.lang.Class;@41d877bb, public native int java.lang.Object.hashCode()=[Ljava.lang.Class;@39c5a105, public java.lang.Boolean com.aventstack.extentreports.reporter.configuration.ExtentHtmlReporterConfig.getChartVisibleOnOpen()=[Ljava.lang.Class;@492fa72a, public static com.aventstack.extentreports.reporter.configuration.ExtentHtmlReporterConfig$ExtentHtmlReporterConfigBuilder com.aventstack.extentreports.reporter.configuration.ExtentHtmlReporterConfig.builder()=[Ljava.lang.Class;@513fab1e, public void com.aventstack.extentreports.reporter.configuration.InteractiveReporterConfig.setJs(java.lang.String)=[Ljava.lang.Class;@53d87b2d, public void com.aventstack.extentreports.reporter.configuration.AbstractConfiguration.setReportName(java.lang.String)=[Ljava.lang.Class;@470135da, public void com.aventstack.extentreports.reporter.configuration.FileReporterConfig.setDocumentTitle(java.lang.String)=[Ljava.lang.Class;@7323dce7, public void com.aventstack.extentreports.reporter.configuration.ExtentHtmlReporterConfig.setDisableToggleActionForPassedNode(java.lang.Boolean)=[Ljava.lang.Class;@5f68eec6, public java.lang.String com.aventstack.extentreports.reporter.configuration.InteractiveReporterConfig.getCss()=[Ljava.lang.Class;@4ff9f715, public void com.aventstack.extentreports.reporter.configuration.InteractiveReporterConfig.setProtocol(com.aventstack.extentreports.reporter.configuration.Protocol)=[Ljava.lang.Class;@118a4d5, public final native java.lang.Class java.lang.Object.getClass()=[Ljava.lang.Class;@6cb194f5, public java.lang.Boolean com.aventstack.extentreports.reporter.configuration.ExtentHtmlReporterConfig.getEnableTimeline()=[Ljava.lang.Class;@74b7497b, public void com.aventstack.extentreports.reporter.configuration.InteractiveReporterConfig.setCss(java.lang.String)=[Ljava.lang.Class;@74f649a7}, setTestViewChartLocation=public void com.aventstack.extentreports.reporter.configuration.ExtentHtmlReporterConfig.setTestViewChartLocation(java.lang.String), setCss=public void com.aventstack.extentreports.reporter.configuration.InteractiveReporterConfig.setCss(java.lang.String), reportName=freemarker.ext.beans.FastPropertyDescriptor@308c65e0, setEncoding=public void com.aventstack.extentreports.reporter.configuration.FileReporterConfig.setEncoding(java.lang.String), testViewChartLocation=freemarker.ext.beans.FastPropertyDescriptor@50fa5938, getCss=public java.lang.String com.aventstack.extentreports.reporter.configuration.InteractiveReporterConfig.getCss(), js=freemarker.ext.beans.FastPropertyDescriptor@1e482ecd, getEnableAuthorView=public java.lang.Boolean com.aventstack.extentreports.reporter.configuration.ExtentHtmlReporterConfig.getEnableAuthorView(), getDisableToggleActionForPassedNode=public java.lang.Boolean com.aventstack.extentreports.reporter.configuration.ExtentHtmlReporterConfig.getDisableToggleActionForPassedNode(), setJs=public void com.aventstack.extentreports.reporter.configuration.InteractiveReporterConfig.setJs(java.lang.String), setDisableToggleActionForPassedNode=public void com.aventstack.extentreports.reporter.configuration.ExtentHtmlReporterConfig.setDisableToggleActionForPassedNode(java.lang.Boolean), hashCode=public native int java.lang.Object.hashCode(), builder=public static com.aventstack.extentreports.reporter.configuration.ExtentHtmlReporterConfig$ExtentHtmlReporterConfigBuilder com.aventstack.extentreports.reporter.configuration.ExtentHtmlReporterConfig.builder(), theme=freemarker.ext.beans.FastPropertyDescriptor@58b5f7d2, enableTimeline=freemarker.ext.beans.FastPropertyDescriptor@bc52a41, class=freemarker.ext.beans.FastPropertyDescriptor@9f48198, setEnableTestRunnerLogsView=public void com.aventstack.extentreports.reporter.configuration.ExtentHtmlReporterConfig.setEnableTestRunnerLogsView(java.lang.Boolean), setReportName=public void com.aventstack.extentreports.reporter.configuration.AbstractConfiguration.setReportName(java.lang.String), getResourceCDN=public java.lang.String com.aventstack.extentreports.reporter.configuration.ExtentHtmlReporterConfig.getResourceCDN(), getTestViewChartLocation=public java.lang.String com.aventstack.extentreports.reporter.configuration.ExtentHtmlReporterConfig.getTestViewChartLocation(), setTimelineEnabled=public void com.aventstack.extentreports.reporter.configuration.InteractiveReporterConfig.setTimelineEnabled(boolean), getJs=public java.lang.String com.aventstack.extentreports.reporter.configuration.InteractiveReporterConfig.getJs(), enableExceptionView=freemarker.ext.beans.FastPropertyDescriptor@5615f82d, setEnableAuthorView=public void com.aventstack.extentreports.reporter.configuration.ExtentHtmlReporterConfig.setEnableAuthorView(java.lang.Boolean), reporter=freemarker.ext.beans.FastPropertyDescriptor@21698e5a, getProtocol=public com.aventstack.extentreports.reporter.configuration.Protocol com.aventstack.extentreports.reporter.configuration.InteractiveReporterConfig.getProtocol(), store=freemarker.ext.beans.FastPropertyDescriptor@3dc2f14, timeStampFormat=freemarker.ext.beans.FastPropertyDescriptor@2e8986b6, disableToggleActionForPassedNode=freemarker.ext.beans.FastPropertyDescriptor@5724c7da, equals=public boolean java.lang.Object.equals(java.lang.Object), toString=public java.lang.String java.lang.Object.toString(), setTimeStampFormat=public void com.aventstack.extentreports.reporter.configuration.AbstractConfiguration.setTimeStampFormat(java.lang.String), setReporter=public void com.aventstack.extentreports.reporter.configuration.AbstractConfiguration.setReporter(com.aventstack.extentreports.reporter.AbstractReporter), getEnableExceptionView=public java.lang.Boolean com.aventstack.extentreports.reporter.configuration.ExtentHtmlReporterConfig.getEnableExceptionView(), getEnableCategoryView=public java.lang.Boolean com.aventstack.extentreports.reporter.configuration.ExtentHtmlReporterConfig.getEnableCategoryView()}
]]></system-out>
    <system-err><![CDATA[&amp#27;[32m&amp#27;[1m┌───────────────────────────────────────────────────────────────────────────────────┐&amp#27;[0m
&amp#27;[32m&amp#27;[1m│&amp#27;[0m Share your Cucumber Report with your team at &amp#27;[36m&amp#27;[1m&amp#27;[4mhttps://reports.cucumber.io&amp#27;[0m          &amp#27;[32m&amp#27;[1m│&amp#27;[0m
&amp#27;[32m&amp#27;[1m│&amp#27;[0m Activate publishing with one of the following:                                    &amp#27;[32m&amp#27;[1m│&amp#27;[0m
&amp#27;[32m&amp#27;[1m│&amp#27;[0m                                                                                   &amp#27;[32m&amp#27;[1m│&amp#27;[0m
&amp#27;[32m&amp#27;[1m│&amp#27;[0m src/test/resources/cucumber.properties:          &amp#27;[36mcucumber.publish.enabled&amp#27;[0m=&amp#27;[36mtrue&amp#27;[0m    &amp#27;[32m&amp#27;[1m│&amp#27;[0m
&amp#27;[32m&amp#27;[1m│&amp#27;[0m src/test/resources/junit-platform.properties:    &amp#27;[36mcucumber.publish.enabled&amp#27;[0m=&amp#27;[36mtrue&amp#27;[0m    &amp#27;[32m&amp#27;[1m│&amp#27;[0m
&amp#27;[32m&amp#27;[1m│&amp#27;[0m Environment variable:                            &amp#27;[36mCUCUMBER_PUBLISH_ENABLED&amp#27;[0m=&amp#27;[36mtrue&amp#27;[0m    &amp#27;[32m&amp#27;[1m│&amp#27;[0m
&amp#27;[32m&amp#27;[1m│&amp#27;[0m JUnit:                                           &amp#27;[36m@CucumberOptions&amp#27;[0m(publish = &amp#27;[36mtrue&amp#27;[0m) &amp#27;[32m&amp#27;[1m│&amp#27;[0m
&amp#27;[32m&amp#27;[1m│&amp#27;[0m                                                                                   &amp#27;[32m&amp#27;[1m│&amp#27;[0m
&amp#27;[32m&amp#27;[1m│&amp#27;[0m More information at &amp#27;[36mhttps://cucumber.io/docs/cucumber/environment-variables/&amp#27;[0m      &amp#27;[32m&amp#27;[1m│&amp#27;[0m
&amp#27;[32m&amp#27;[1m│&amp#27;[0m                                                                                   &amp#27;[32m&amp#27;[1m│&amp#27;[0m
&amp#27;[32m&amp#27;[1m│&amp#27;[0m Disable this message with one of the following:                                   &amp#27;[32m&amp#27;[1m│&amp#27;[0m
&amp#27;[32m&amp#27;[1m│&amp#27;[0m                                                                                   &amp#27;[32m&amp#27;[1m│&amp#27;[0m
&amp#27;[32m&amp#27;[1m│&amp#27;[0m src/test/resources/cucumber.properties:          &amp#27;[36mcucumber.publish.quiet&amp#27;[0m=&amp#27;[36mtrue&amp#27;[0m      &amp#27;[32m&amp#27;[1m│&amp#27;[0m
&amp#27;[32m&amp#27;[1m│&amp#27;[0m src/test/resources/junit-platform.properties:    &amp#27;[36mcucumber.publish.quiet&amp#27;[0m=&amp#27;[36mtrue&amp#27;[0m      &amp#27;[32m&amp#27;[1m│&amp#27;[0m
&amp#27;[32m&amp#27;[1m└───────────────────────────────────────────────────────────────────────────────────┘&amp#27;[0m
]]></system-err>
  </testcase>
</testsuite>