<?xml version="1.0" encoding="UTF-8"?>
<!-- Generated by org.testng.reporters.JUnitReportReporter -->
<testsuite hostname="DESKTOP-LJIF9GI" failures="0" tests="7" name="testRunner.TestngTestRunner" time="175.328" errors="0" timestamp="2024-03-18T11:40:39 IST" skipped="0">
  <testcase classname="testRunner.TestngTestRunner" name="runScenario" time="35.023"/>
  <testcase classname="testRunner.TestngTestRunner" name="runScenario" time="26.420"/>
  <testcase classname="testRunner.TestngTestRunner" name="runScenario" time="20.891"/>
  <testcase classname="testRunner.TestngTestRunner" name="runScenario" time="31.560"/>
  <testcase classname="testRunner.TestngTestRunner" name="runScenario" time="29.863"/>
  <testcase classname="testRunner.TestngTestRunner" name="runScenario" time="13.445"/>
  <testcase classname="testRunner.TestngTestRunner" name="runScenario" time="18.126"/>
</testsuite> <!-- testRunner.TestngTestRunner -->
