<?xml version="1.0" encoding="UTF-8"?>
<!-- Generated by org.testng.reporters.JUnitReportReporter -->
<testsuite hostname="DESKTOP-LJIF9GI" failures="0" tests="1" name="org.UI.Testing.AppTest" time="0.004" errors="0" timestamp="2024-03-18T11:40:39 IST" skipped="0">
  <testcase classname="org.UI.Testing.AppTest" name="testApp" time="0.004"/>
</testsuite> <!-- org.UI.Testing.AppTest -->
