<?xml version="1.0" encoding="UTF-8"?>
<testsuite xmlns:xsi="http://www.w3.org/2001/XMLSchema-instance" xsi:noNamespaceSchemaLocation="https://maven.apache.org/surefire/maven-surefire-plugin/xsd/surefire-test-report-3.0.xsd" version="3.0" name="runner.TestRunner" time="16.509" tests="8" errors="0" skipped="0" failures="0">
  <properties>
    <property name="java.specification.version" value="21"/>
    <property name="sun.cpu.isalist" value="amd64"/>
    <property name="sun.jnu.encoding" value="Cp1252"/>
    <property name="java.class.path" value="C:\Users\harshil.suthar\eclipse-workspace\PS-parent-Project\API-Testing\target\test-classes;C:\Users\harshil.suthar\eclipse-workspace\PS-parent-Project\API-Testing\target\classes;C:\Users\harshil.suthar\.m2\repository\io\cucumber\cucumber-core\7.8.0\cucumber-core-7.8.0.jar;C:\Users\harshil.suthar\.m2\repository\io\cucumber\cucumber-gherkin\7.8.0\cucumber-gherkin-7.8.0.jar;C:\Users\harshil.suthar\.m2\repository\io\cucumber\cucumber-gherkin-messages\7.8.0\cucumber-gherkin-messages-7.8.0.jar;C:\Users\harshil.suthar\.m2\repository\io\cucumber\gherkin\24.0.0\gherkin-24.0.0.jar;C:\Users\harshil.suthar\.m2\repository\io\cucumber\messages\19.1.2\messages-19.1.2.jar;C:\Users\harshil.suthar\.m2\repository\io\cucumber\tag-expressions\4.1.0\tag-expressions-4.1.0.jar;C:\Users\harshil.suthar\.m2\repository\io\cucumber\cucumber-expressions\16.0.0\cucumber-expressions-16.0.0.jar;C:\Users\harshil.suthar\.m2\repository\io\cucumber\datatable\7.8.0\datatable-7.8.0.jar;C:\Users\harshil.suthar\.m2\repository\io\cucumber\cucumber-plugin\7.8.0\cucumber-plugin-7.8.0.jar;C:\Users\harshil.suthar\.m2\repository\io\cucumber\docstring\7.8.0\docstring-7.8.0.jar;C:\Users\harshil.suthar\.m2\repository\io\cucumber\html-formatter\20.1.0\html-formatter-20.1.0.jar;C:\Users\harshil.suthar\.m2\repository\io\cucumber\ci-environment\9.1.0\ci-environment-9.1.0.jar;C:\Users\harshil.suthar\.m2\repository\org\apiguardian\apiguardian-api\1.1.2\apiguardian-api-1.1.2.jar;C:\Users\harshil.suthar\.m2\repository\com\jayway\jsonpath\json-path\2.7.0\json-path-2.7.0.jar;C:\Users\harshil.suthar\.m2\repository\net\minidev\json-smart\2.4.7\json-smart-2.4.7.jar;C:\Users\harshil.suthar\.m2\repository\net\minidev\accessors-smart\2.4.7\accessors-smart-2.4.7.jar;C:\Users\harshil.suthar\.m2\repository\org\ow2\asm\asm\9.1\asm-9.1.jar;C:\Users\harshil.suthar\.m2\repository\org\slf4j\slf4j-api\1.7.33\slf4j-api-1.7.33.jar;C:\Users\harshil.suthar\.m2\repository\io\cucumber\cucumber-java\7.8.0\cucumber-java-7.8.0.jar;C:\Users\harshil.suthar\.m2\repository\com\googlecode\json-simple\json-simple\1.1.1\json-simple-1.1.1.jar;C:\Users\harshil.suthar\.m2\repository\io\cucumber\cucumber-junit\7.8.0\cucumber-junit-7.8.0.jar;C:\Users\harshil.suthar\.m2\repository\org\skyscreamer\jsonassert\1.5.1\jsonassert-1.5.1.jar;C:\Users\harshil.suthar\.m2\repository\com\vaadin\external\google\android-json\0.0.20131108.vaadin1\android-json-0.0.20131108.vaadin1.jar;C:\Users\harshil.suthar\.m2\repository\junit\junit\4.13.2\junit-4.13.2.jar;C:\Users\harshil.suthar\.m2\repository\org\hamcrest\hamcrest-core\1.3\hamcrest-core-1.3.jar;C:\Users\harshil.suthar\.m2\repository\net\masterthought\cucumber-reporting\5.6.0\cucumber-reporting-5.6.0.jar;C:\Users\harshil.suthar\.m2\repository\com\fasterxml\jackson\core\jackson-databind\2.12.1\jackson-databind-2.12.1.jar;C:\Users\harshil.suthar\.m2\repository\com\fasterxml\jackson\core\jackson-annotations\2.12.1\jackson-annotations-2.12.1.jar;C:\Users\harshil.suthar\.m2\repository\com\fasterxml\jackson\datatype\jackson-datatype-jsr310\2.12.1\jackson-datatype-jsr310-2.12.1.jar;C:\Users\harshil.suthar\.m2\repository\org\apache\velocity\velocity-engine-core\2.3\velocity-engine-core-2.3.jar;C:\Users\harshil.suthar\.m2\repository\commons-collections\commons-collections\3.2.2\commons-collections-3.2.2.jar;C:\Users\harshil.suthar\.m2\repository\joda-time\joda-time\2.10.10\joda-time-2.10.10.jar;C:\Users\harshil.suthar\.m2\repository\org\apache\commons\commons-lang3\3.12.0\commons-lang3-3.12.0.jar;C:\Users\harshil.suthar\.m2\repository\commons-io\commons-io\2.7\commons-io-2.7.jar;C:\Users\harshil.suthar\.m2\repository\org\codehaus\plexus\plexus-utils\3.3.0\plexus-utils-3.3.0.jar;C:\Users\harshil.suthar\.m2\repository\org\jsoup\jsoup\1.14.2\jsoup-1.14.2.jar;C:\Users\harshil.suthar\.m2\repository\com\google\guava\guava\30.1.1-jre\guava-30.1.1-jre.jar;C:\Users\harshil.suthar\.m2\repository\com\google\guava\failureaccess\1.0.1\failureaccess-1.0.1.jar;C:\Users\harshil.suthar\.m2\repository\com\google\guava\listenablefuture\9999.0-empty-to-avoid-conflict-with-guava\listenablefuture-9999.0-empty-to-avoid-conflict-with-guava.jar;C:\Users\harshil.suthar\.m2\repository\com\google\code\findbugs\jsr305\3.0.2\jsr305-3.0.2.jar;C:\Users\harshil.suthar\.m2\repository\org\checkerframework\checker-qual\3.8.0\checker-qual-3.8.0.jar;C:\Users\harshil.suthar\.m2\repository\com\google\errorprone\error_prone_annotations\2.5.1\error_prone_annotations-2.5.1.jar;C:\Users\harshil.suthar\.m2\repository\com\google\j2objc\j2objc-annotations\1.3\j2objc-annotations-1.3.jar;C:\Users\harshil.suthar\.m2\repository\com\googlecode\owasp-java-html-sanitizer\owasp-java-html-sanitizer\20200713.1\owasp-java-html-sanitizer-20200713.1.jar;C:\Users\harshil.suthar\.m2\repository\commons-configuration\commons-configuration\1.10\commons-configuration-1.10.jar;C:\Users\harshil.suthar\.m2\repository\commons-lang\commons-lang\2.6\commons-lang-2.6.jar;C:\Users\harshil.suthar\.m2\repository\commons-logging\commons-logging\1.1.1\commons-logging-1.1.1.jar;C:\Users\harshil.suthar\.m2\repository\io\rest-assured\rest-assured\4.4.0\rest-assured-4.4.0.jar;C:\Users\harshil.suthar\.m2\repository\org\codehaus\groovy\groovy\3.0.8\groovy-3.0.8.jar;C:\Users\harshil.suthar\.m2\repository\org\codehaus\groovy\groovy-xml\3.0.8\groovy-xml-3.0.8.jar;C:\Users\harshil.suthar\.m2\repository\org\apache\httpcomponents\httpclient\4.5.13\httpclient-4.5.13.jar;C:\Users\harshil.suthar\.m2\repository\org\apache\httpcomponents\httpcore\4.4.13\httpcore-4.4.13.jar;C:\Users\harshil.suthar\.m2\repository\commons-codec\commons-codec\1.11\commons-codec-1.11.jar;C:\Users\harshil.suthar\.m2\repository\org\apache\httpcomponents\httpmime\4.5.13\httpmime-4.5.13.jar;C:\Users\harshil.suthar\.m2\repository\org\hamcrest\hamcrest\2.1\hamcrest-2.1.jar;C:\Users\harshil.suthar\.m2\repository\org\ccil\cowan\tagsoup\tagsoup\1.2.1\tagsoup-1.2.1.jar;C:\Users\harshil.suthar\.m2\repository\io\rest-assured\json-path\4.4.0\json-path-4.4.0.jar;C:\Users\harshil.suthar\.m2\repository\org\codehaus\groovy\groovy-json\3.0.8\groovy-json-3.0.8.jar;C:\Users\harshil.suthar\.m2\repository\io\rest-assured\rest-assured-common\4.4.0\rest-assured-common-4.4.0.jar;C:\Users\harshil.suthar\.m2\repository\io\rest-assured\xml-path\4.4.0\xml-path-4.4.0.jar;C:\Users\harshil.suthar\.m2\repository\jakarta\xml\bind\jakarta.xml.bind-api\2.3.3\jakarta.xml.bind-api-2.3.3.jar;C:\Users\harshil.suthar\.m2\repository\jakarta\activation\jakarta.activation-api\1.2.2\jakarta.activation-api-1.2.2.jar;C:\Users\harshil.suthar\.m2\repository\com\sun\xml\bind\jaxb-impl\2.3.3\jaxb-impl-2.3.3.jar;C:\Users\harshil.suthar\.m2\repository\io\rest-assured\json-schema-validator\3.0.0\json-schema-validator-3.0.0.jar;C:\Users\harshil.suthar\.m2\repository\com\github\fge\json-schema-validator\2.2.6\json-schema-validator-2.2.6.jar;C:\Users\harshil.suthar\.m2\repository\com\googlecode\libphonenumber\libphonenumber\6.2\libphonenumber-6.2.jar;C:\Users\harshil.suthar\.m2\repository\com\github\fge\json-schema-core\1.2.5\json-schema-core-1.2.5.jar;C:\Users\harshil.suthar\.m2\repository\com\github\fge\uri-template\0.9\uri-template-0.9.jar;C:\Users\harshil.suthar\.m2\repository\com\github\fge\msg-simple\1.1\msg-simple-1.1.jar;C:\Users\harshil.suthar\.m2\repository\com\github\fge\btf\1.2\btf-1.2.jar;C:\Users\harshil.suthar\.m2\repository\com\github\fge\jackson-coreutils\1.8\jackson-coreutils-1.8.jar;C:\Users\harshil.suthar\.m2\repository\org\mozilla\rhino\1.7R4\rhino-1.7R4.jar;C:\Users\harshil.suthar\.m2\repository\javax\mail\mailapi\1.4.3\mailapi-1.4.3.jar;C:\Users\harshil.suthar\.m2\repository\javax\activation\activation\1.1\activation-1.1.jar;C:\Users\harshil.suthar\.m2\repository\net\sf\jopt-simple\jopt-simple\4.6\jopt-simple-4.6.jar;C:\Users\harshil.suthar\.m2\repository\org\json\json\20220320\json-20220320.jar;C:\Users\harshil.suthar\.m2\repository\com\fasterxml\jackson\datatype\jackson-datatype-jdk8\2.13.0\jackson-datatype-jdk8-2.13.0.jar;C:\Users\harshil.suthar\.m2\repository\com\fasterxml\jackson\core\jackson-core\2.13.0\jackson-core-2.13.0.jar;"/>
    <property name="java.vm.vendor" value="Oracle Corporation"/>
    <property name="sun.arch.data.model" value="64"/>
    <property name="user.variant" value=""/>
    <property name="java.vendor.url" value="https://java.oracle.com/"/>
    <property name="user.timezone" value="Asia/Calcutta"/>
    <property name="os.name" value="Windows 10"/>
    <property name="java.vm.specification.version" value="21"/>
    <property name="sun.java.launcher" value="SUN_STANDARD"/>
    <property name="user.country" value="IN"/>
    <property name="sun.boot.library.path" value="C:\Users\harshil.suthar\.jdks\openjdk-21.0.2\bin"/>
    <property name="sun.java.command" value="C:\Users\harshil.suthar\AppData\Local\Temp\surefire8151927139532838575\surefirebooter-20240318114043315_22.jar C:\Users\harshil.suthar\AppData\Local\Temp\surefire8151927139532838575 2024-03-18T11-37-41_293-jvmRun1 surefire-20240318114043315_20tmp surefire_1-20240318114043315_21tmp"/>
    <property name="jdk.debug" value="release"/>
    <property name="surefire.test.class.path" value="C:\Users\harshil.suthar\eclipse-workspace\PS-parent-Project\API-Testing\target\test-classes;C:\Users\harshil.suthar\eclipse-workspace\PS-parent-Project\API-Testing\target\classes;C:\Users\harshil.suthar\.m2\repository\io\cucumber\cucumber-core\7.8.0\cucumber-core-7.8.0.jar;C:\Users\harshil.suthar\.m2\repository\io\cucumber\cucumber-gherkin\7.8.0\cucumber-gherkin-7.8.0.jar;C:\Users\harshil.suthar\.m2\repository\io\cucumber\cucumber-gherkin-messages\7.8.0\cucumber-gherkin-messages-7.8.0.jar;C:\Users\harshil.suthar\.m2\repository\io\cucumber\gherkin\24.0.0\gherkin-24.0.0.jar;C:\Users\harshil.suthar\.m2\repository\io\cucumber\messages\19.1.2\messages-19.1.2.jar;C:\Users\harshil.suthar\.m2\repository\io\cucumber\tag-expressions\4.1.0\tag-expressions-4.1.0.jar;C:\Users\harshil.suthar\.m2\repository\io\cucumber\cucumber-expressions\16.0.0\cucumber-expressions-16.0.0.jar;C:\Users\harshil.suthar\.m2\repository\io\cucumber\datatable\7.8.0\datatable-7.8.0.jar;C:\Users\harshil.suthar\.m2\repository\io\cucumber\cucumber-plugin\7.8.0\cucumber-plugin-7.8.0.jar;C:\Users\harshil.suthar\.m2\repository\io\cucumber\docstring\7.8.0\docstring-7.8.0.jar;C:\Users\harshil.suthar\.m2\repository\io\cucumber\html-formatter\20.1.0\html-formatter-20.1.0.jar;C:\Users\harshil.suthar\.m2\repository\io\cucumber\ci-environment\9.1.0\ci-environment-9.1.0.jar;C:\Users\harshil.suthar\.m2\repository\org\apiguardian\apiguardian-api\1.1.2\apiguardian-api-1.1.2.jar;C:\Users\harshil.suthar\.m2\repository\com\jayway\jsonpath\json-path\2.7.0\json-path-2.7.0.jar;C:\Users\harshil.suthar\.m2\repository\net\minidev\json-smart\2.4.7\json-smart-2.4.7.jar;C:\Users\harshil.suthar\.m2\repository\net\minidev\accessors-smart\2.4.7\accessors-smart-2.4.7.jar;C:\Users\harshil.suthar\.m2\repository\org\ow2\asm\asm\9.1\asm-9.1.jar;C:\Users\harshil.suthar\.m2\repository\org\slf4j\slf4j-api\1.7.33\slf4j-api-1.7.33.jar;C:\Users\harshil.suthar\.m2\repository\io\cucumber\cucumber-java\7.8.0\cucumber-java-7.8.0.jar;C:\Users\harshil.suthar\.m2\repository\com\googlecode\json-simple\json-simple\1.1.1\json-simple-1.1.1.jar;C:\Users\harshil.suthar\.m2\repository\io\cucumber\cucumber-junit\7.8.0\cucumber-junit-7.8.0.jar;C:\Users\harshil.suthar\.m2\repository\org\skyscreamer\jsonassert\1.5.1\jsonassert-1.5.1.jar;C:\Users\harshil.suthar\.m2\repository\com\vaadin\external\google\android-json\0.0.20131108.vaadin1\android-json-0.0.20131108.vaadin1.jar;C:\Users\harshil.suthar\.m2\repository\junit\junit\4.13.2\junit-4.13.2.jar;C:\Users\harshil.suthar\.m2\repository\org\hamcrest\hamcrest-core\1.3\hamcrest-core-1.3.jar;C:\Users\harshil.suthar\.m2\repository\net\masterthought\cucumber-reporting\5.6.0\cucumber-reporting-5.6.0.jar;C:\Users\harshil.suthar\.m2\repository\com\fasterxml\jackson\core\jackson-databind\2.12.1\jackson-databind-2.12.1.jar;C:\Users\harshil.suthar\.m2\repository\com\fasterxml\jackson\core\jackson-annotations\2.12.1\jackson-annotations-2.12.1.jar;C:\Users\harshil.suthar\.m2\repository\com\fasterxml\jackson\datatype\jackson-datatype-jsr310\2.12.1\jackson-datatype-jsr310-2.12.1.jar;C:\Users\harshil.suthar\.m2\repository\org\apache\velocity\velocity-engine-core\2.3\velocity-engine-core-2.3.jar;C:\Users\harshil.suthar\.m2\repository\commons-collections\commons-collections\3.2.2\commons-collections-3.2.2.jar;C:\Users\harshil.suthar\.m2\repository\joda-time\joda-time\2.10.10\joda-time-2.10.10.jar;C:\Users\harshil.suthar\.m2\repository\org\apache\commons\commons-lang3\3.12.0\commons-lang3-3.12.0.jar;C:\Users\harshil.suthar\.m2\repository\commons-io\commons-io\2.7\commons-io-2.7.jar;C:\Users\harshil.suthar\.m2\repository\org\codehaus\plexus\plexus-utils\3.3.0\plexus-utils-3.3.0.jar;C:\Users\harshil.suthar\.m2\repository\org\jsoup\jsoup\1.14.2\jsoup-1.14.2.jar;C:\Users\harshil.suthar\.m2\repository\com\google\guava\guava\30.1.1-jre\guava-30.1.1-jre.jar;C:\Users\harshil.suthar\.m2\repository\com\google\guava\failureaccess\1.0.1\failureaccess-1.0.1.jar;C:\Users\harshil.suthar\.m2\repository\com\google\guava\listenablefuture\9999.0-empty-to-avoid-conflict-with-guava\listenablefuture-9999.0-empty-to-avoid-conflict-with-guava.jar;C:\Users\harshil.suthar\.m2\repository\com\google\code\findbugs\jsr305\3.0.2\jsr305-3.0.2.jar;C:\Users\harshil.suthar\.m2\repository\org\checkerframework\checker-qual\3.8.0\checker-qual-3.8.0.jar;C:\Users\harshil.suthar\.m2\repository\com\google\errorprone\error_prone_annotations\2.5.1\error_prone_annotations-2.5.1.jar;C:\Users\harshil.suthar\.m2\repository\com\google\j2objc\j2objc-annotations\1.3\j2objc-annotations-1.3.jar;C:\Users\harshil.suthar\.m2\repository\com\googlecode\owasp-java-html-sanitizer\owasp-java-html-sanitizer\20200713.1\owasp-java-html-sanitizer-20200713.1.jar;C:\Users\harshil.suthar\.m2\repository\commons-configuration\commons-configuration\1.10\commons-configuration-1.10.jar;C:\Users\harshil.suthar\.m2\repository\commons-lang\commons-lang\2.6\commons-lang-2.6.jar;C:\Users\harshil.suthar\.m2\repository\commons-logging\commons-logging\1.1.1\commons-logging-1.1.1.jar;C:\Users\harshil.suthar\.m2\repository\io\rest-assured\rest-assured\4.4.0\rest-assured-4.4.0.jar;C:\Users\harshil.suthar\.m2\repository\org\codehaus\groovy\groovy\3.0.8\groovy-3.0.8.jar;C:\Users\harshil.suthar\.m2\repository\org\codehaus\groovy\groovy-xml\3.0.8\groovy-xml-3.0.8.jar;C:\Users\harshil.suthar\.m2\repository\org\apache\httpcomponents\httpclient\4.5.13\httpclient-4.5.13.jar;C:\Users\harshil.suthar\.m2\repository\org\apache\httpcomponents\httpcore\4.4.13\httpcore-4.4.13.jar;C:\Users\harshil.suthar\.m2\repository\commons-codec\commons-codec\1.11\commons-codec-1.11.jar;C:\Users\harshil.suthar\.m2\repository\org\apache\httpcomponents\httpmime\4.5.13\httpmime-4.5.13.jar;C:\Users\harshil.suthar\.m2\repository\org\hamcrest\hamcrest\2.1\hamcrest-2.1.jar;C:\Users\harshil.suthar\.m2\repository\org\ccil\cowan\tagsoup\tagsoup\1.2.1\tagsoup-1.2.1.jar;C:\Users\harshil.suthar\.m2\repository\io\rest-assured\json-path\4.4.0\json-path-4.4.0.jar;C:\Users\harshil.suthar\.m2\repository\org\codehaus\groovy\groovy-json\3.0.8\groovy-json-3.0.8.jar;C:\Users\harshil.suthar\.m2\repository\io\rest-assured\rest-assured-common\4.4.0\rest-assured-common-4.4.0.jar;C:\Users\harshil.suthar\.m2\repository\io\rest-assured\xml-path\4.4.0\xml-path-4.4.0.jar;C:\Users\harshil.suthar\.m2\repository\jakarta\xml\bind\jakarta.xml.bind-api\2.3.3\jakarta.xml.bind-api-2.3.3.jar;C:\Users\harshil.suthar\.m2\repository\jakarta\activation\jakarta.activation-api\1.2.2\jakarta.activation-api-1.2.2.jar;C:\Users\harshil.suthar\.m2\repository\com\sun\xml\bind\jaxb-impl\2.3.3\jaxb-impl-2.3.3.jar;C:\Users\harshil.suthar\.m2\repository\io\rest-assured\json-schema-validator\3.0.0\json-schema-validator-3.0.0.jar;C:\Users\harshil.suthar\.m2\repository\com\github\fge\json-schema-validator\2.2.6\json-schema-validator-2.2.6.jar;C:\Users\harshil.suthar\.m2\repository\com\googlecode\libphonenumber\libphonenumber\6.2\libphonenumber-6.2.jar;C:\Users\harshil.suthar\.m2\repository\com\github\fge\json-schema-core\1.2.5\json-schema-core-1.2.5.jar;C:\Users\harshil.suthar\.m2\repository\com\github\fge\uri-template\0.9\uri-template-0.9.jar;C:\Users\harshil.suthar\.m2\repository\com\github\fge\msg-simple\1.1\msg-simple-1.1.jar;C:\Users\harshil.suthar\.m2\repository\com\github\fge\btf\1.2\btf-1.2.jar;C:\Users\harshil.suthar\.m2\repository\com\github\fge\jackson-coreutils\1.8\jackson-coreutils-1.8.jar;C:\Users\harshil.suthar\.m2\repository\org\mozilla\rhino\1.7R4\rhino-1.7R4.jar;C:\Users\harshil.suthar\.m2\repository\javax\mail\mailapi\1.4.3\mailapi-1.4.3.jar;C:\Users\harshil.suthar\.m2\repository\javax\activation\activation\1.1\activation-1.1.jar;C:\Users\harshil.suthar\.m2\repository\net\sf\jopt-simple\jopt-simple\4.6\jopt-simple-4.6.jar;C:\Users\harshil.suthar\.m2\repository\org\json\json\20220320\json-20220320.jar;C:\Users\harshil.suthar\.m2\repository\com\fasterxml\jackson\datatype\jackson-datatype-jdk8\2.13.0\jackson-datatype-jdk8-2.13.0.jar;C:\Users\harshil.suthar\.m2\repository\com\fasterxml\jackson\core\jackson-core\2.13.0\jackson-core-2.13.0.jar;"/>
    <property name="sun.cpu.endian" value="little"/>
    <property name="user.home" value="C:\Users\harshil.suthar"/>
    <property name="user.language" value="en"/>
    <property name="java.specification.vendor" value="Oracle Corporation"/>
    <property name="java.version.date" value="2024-01-16"/>
    <property name="java.home" value="C:\Users\harshil.suthar\.jdks\openjdk-21.0.2"/>
    <property name="file.separator" value="\"/>
    <property name="basedir" value="C:\Users\harshil.suthar\eclipse-workspace\PS-parent-Project\API-Testing"/>
    <property name="java.vm.compressedOopsMode" value="32-bit"/>
    <property name="line.separator" value="&#10;"/>
    <property name="java.vm.specification.vendor" value="Oracle Corporation"/>
    <property name="java.specification.name" value="Java Platform API Specification"/>
    <property name="surefire.real.class.path" value="C:\Users\harshil.suthar\AppData\Local\Temp\surefire8151927139532838575\surefirebooter-20240318114043315_22.jar"/>
    <property name="user.script" value=""/>
    <property name="sun.management.compiler" value="HotSpot 64-Bit Tiered Compilers"/>
    <property name="java.runtime.version" value="21.0.2+13-58"/>
    <property name="user.name" value="harshil.suthar"/>
    <property name="stdout.encoding" value="Cp1252"/>
    <property name="path.separator" value=";"/>
    <property name="os.version" value="10.0"/>
    <property name="java.runtime.name" value="OpenJDK Runtime Environment"/>
    <property name="file.encoding" value="UTF-8"/>
    <property name="java.vm.name" value="OpenJDK 64-Bit Server VM"/>
    <property name="localRepository" value="C:\Users\harshil.suthar\.m2\repository"/>
    <property name="java.vendor.url.bug" value="https://bugreport.java.com/bugreport/"/>
    <property name="java.io.tmpdir" value="C:\Users\HARSHI~1.SUT\AppData\Local\Temp\"/>
    <property name="idea.version" value="2023.3.5"/>
    <property name="java.version" value="21.0.2"/>
    <property name="user.dir" value="C:\Users\harshil.suthar\eclipse-workspace\PS-parent-Project\API-Testing"/>
    <property name="os.arch" value="amd64"/>
    <property name="java.vm.specification.name" value="Java Virtual Machine Specification"/>
    <property name="sun.os.patch.level" value=""/>
    <property name="native.encoding" value="Cp1252"/>
    <property name="java.library.path" value="C:\Users\harshil.suthar\.jdks\openjdk-21.0.2\bin;C:\Windows\Sun\Java\bin;C:\Windows\system32;C:\Windows;C:\Windows\system32;C:\Windows;C:\Windows\System32\Wbem;C:\Windows\System32\WindowsPowerShell\v1.0\;C:\Windows\System32\OpenSSH\;C:\Program Files\nodejs\;C:\Users\harshil.suthar\AppData\Local\Microsoft\WindowsApps;C:\Users\harshil.suthar\AppData\Local\Programs\Microsoft VS Code\bin;C:\Users\harshil.suthar\AppData\Local\JetBrains\IntelliJ IDEA Community Edition 2023.3.5\bin;;C:\Users\harshil.suthar\AppData\Local\Programs\Git\cmd;C:\Users\harshil.suthar\AppData\Roaming\npm;."/>
    <property name="java.vm.info" value="mixed mode, sharing"/>
    <property name="stderr.encoding" value="Cp1252"/>
    <property name="java.vendor" value="Oracle Corporation"/>
    <property name="java.vm.version" value="21.0.2+13-58"/>
    <property name="sun.io.unicode.encoding" value="UnicodeLittle"/>
    <property name="java.class.version" value="65.0"/>
  </properties>
  <testcase name="Testing GET request with different schema files" classname="Testing GET API" time="5.826">
    <system-out><![CDATA[
Scenario Outline: Testing GET request with different schema files &amp#27;[90m# src/test/resources/features/HS_GET_API.feature:11&amp#27;[0m
/substances/find
  &amp#27;[32mGiven &amp#27;[0m&amp#27;[32mthe API endpoint is &amp#27;[0m&amp#27;[32m&amp#27;[1m"/substances/find"&amp#27;[0m                    &amp#27;[90m# stepDefinations.HS_GET_STEPS.the_api_endpoint_is(java.lang.String)&amp#27;[0m
  &amp#27;[32mWhen &amp#27;[0m&amp#27;[32mI send a GET HTTP request with the Accept header&amp#27;[0m           &amp#27;[90m# stepDefinations.HS_GET_STEPS.i_send_a_get_http_request_with_the_accept_header()&amp#27;[0m
  &amp#27;[32mThen &amp#27;[0m&amp#27;[32mthe response status code is &amp#27;[0m&amp#27;[32m&amp#27;[1m200&amp#27;[0m                            &amp#27;[90m# stepDefinations.HS_GET_STEPS.the_response_status_code_is(java.lang.Integer)&amp#27;[0m
  &amp#27;[32mAnd &amp#27;[0m&amp#27;[32mthe response matches the schema &amp#27;[0m&amp#27;[32m&amp#27;[1m"HS_Get_Data.json"&amp#27;[0m          &amp#27;[90m# stepDefinations.HS_GET_STEPS.the_response_matches_the_schema(java.lang.String)&amp#27;[0m
]]></system-out>
  </testcase>
  <testcase name="Verify successful retrieval of substances with updated resource status" classname="Testing GET API" time="1.943">
    <system-out><![CDATA[
Scenario Outline: Verify successful retrieval of substances with updated resource status                  &amp#27;[90m# src/test/resources/features/HS_GET_API.feature:21&amp#27;[0m
  &amp#27;[32mGiven &amp#27;[0m&amp#27;[32mthe API endpoint is &amp#27;[0m&amp#27;[32m&amp#27;[1m"/substances/find"&amp#27;[0m&amp#27;[32m and the parameter &amp#27;[0m&amp#27;[32m&amp#27;[1m"resourceStatus"&amp#27;[0m&amp#27;[32m has the value &amp#27;[0m&amp#27;[32m&amp#27;[1m"UPDATED"&amp#27;[0m &amp#27;[90m# stepDefinations.HS_GET_STEPS.the_api_endpoint_is_and_the_parameter_has_the_value(java.lang.String,java.lang.String,java.lang.String)&amp#27;[0m
  &amp#27;[32mWhen &amp#27;[0m&amp#27;[32mI send a GET HTTP request with the Accept header&amp#27;[0m                                                   &amp#27;[90m# stepDefinations.HS_GET_STEPS.i_send_a_get_http_request_with_the_accept_header()&amp#27;[0m
  &amp#27;[32mThen &amp#27;[0m&amp#27;[32mthe response status code is &amp#27;[0m&amp#27;[32m&amp#27;[1m200&amp#27;[0m                                                                    &amp#27;[90m# stepDefinations.HS_GET_STEPS.the_response_status_code_is(java.lang.Integer)&amp#27;[0m
  &amp#27;[32mAnd &amp#27;[0m&amp#27;[32mthe response matches the schema &amp#27;[0m&amp#27;[32m&amp#27;[1m"HS_Updated_Status.json"&amp#27;[0m                                            &amp#27;[90m# stepDefinations.HS_GET_STEPS.the_response_matches_the_schema(java.lang.String)&amp#27;[0m
]]></system-out>
  </testcase>
  <testcase name="Verify successful retrieval of substances with created resource status" classname="Testing GET API" time="2.07">
    <system-out><![CDATA[
Scenario Outline: Verify successful retrieval of substances with created resource status                  &amp#27;[90m# src/test/resources/features/HS_GET_API.feature:31&amp#27;[0m
  &amp#27;[32mGiven &amp#27;[0m&amp#27;[32mthe API endpoint is &amp#27;[0m&amp#27;[32m&amp#27;[1m"/substances/find"&amp#27;[0m&amp#27;[32m and the parameter &amp#27;[0m&amp#27;[32m&amp#27;[1m"resourceStatus"&amp#27;[0m&amp#27;[32m has the value &amp#27;[0m&amp#27;[32m&amp#27;[1m"CREATED"&amp#27;[0m &amp#27;[90m# stepDefinations.HS_GET_STEPS.the_api_endpoint_is_and_the_parameter_has_the_value(java.lang.String,java.lang.String,java.lang.String)&amp#27;[0m
  &amp#27;[32mWhen &amp#27;[0m&amp#27;[32mI send a GET HTTP request with the Accept header&amp#27;[0m                                                   &amp#27;[90m# stepDefinations.HS_GET_STEPS.i_send_a_get_http_request_with_the_accept_header()&amp#27;[0m
  &amp#27;[32mThen &amp#27;[0m&amp#27;[32mthe response status code is &amp#27;[0m&amp#27;[32m&amp#27;[1m200&amp#27;[0m                                                                    &amp#27;[90m# stepDefinations.HS_GET_STEPS.the_response_status_code_is(java.lang.Integer)&amp#27;[0m
  &amp#27;[32mAnd &amp#27;[0m&amp#27;[32mthe response matches the schema &amp#27;[0m&amp#27;[32m&amp#27;[1m"HS_Created_Status.json"&amp#27;[0m                                            &amp#27;[90m# stepDefinations.HS_GET_STEPS.the_response_matches_the_schema(java.lang.String)&amp#27;[0m
]]></system-out>
  </testcase>
  <testcase name="Search for substances by keys" classname="Testing POST API" time="3.932">
    <system-out><![CDATA[
Scenario Outline: Search for substances by keys                                                    &amp#27;[90m# src/test/resources/features/HS_POST_API.feature:15&amp#27;[0m
  &amp#27;[32mGiven &amp#27;[0m&amp#27;[32mthe API is available&amp#27;[0m                                                                       &amp#27;[90m# stepDefinations.HS_POST_STEPS.the_api_is_available()&amp#27;[0m
  &amp#27;[32mWhen &amp#27;[0m&amp#27;[32mI send a POST request to &amp#27;[0m&amp#27;[32m&amp#27;[1m"/substances/findByKeys"&amp#27;[0m&amp#27;[32m endpoint with the following request body:&amp#27;[0m &amp#27;[90m# stepDefinations.HS_POST_STEPS.i_send_a_post_request_to_endpoint_with_the_following_request_body(java.lang.String,java.lang.String)&amp#27;[0m
  &amp#27;[32mThen &amp#27;[0m&amp#27;[32mthe API should return the expected data&amp#27;[0m                                                     &amp#27;[90m# stepDefinations.HS_POST_STEPS.the_api_should_return_the_expected_data()&amp#27;[0m
  &amp#27;[32mAnd &amp#27;[0m&amp#27;[32mthe response status code should be &amp#27;[0m&amp#27;[32m&amp#27;[1m200&amp#27;[0m                                                       &amp#27;[90m# stepDefinations.HS_POST_STEPS.the_response_status_code_should_be(java.lang.Integer)&amp#27;[0m
  &amp#27;[32mAnd &amp#27;[0m&amp#27;[32mthe response should match the schema &amp#27;[0m&amp#27;[32m&amp#27;[1m"HS_Post_substances.json"&amp#27;[0m                               &amp#27;[90m# stepDefinations.HS_POST_STEPS.the_response_should_match_the_schema(java.lang.String)&amp#27;[0m
]]></system-out>
  </testcase>
  <testcase name="Verify invalid or missing request body" classname="Testing POST API" time="0.492">
    <system-out><![CDATA[
Scenario Outline: Verify invalid or missing request body                                           &amp#27;[90m# src/test/resources/features/HS_POST_API.feature:29&amp#27;[0m
  &amp#27;[32mGiven &amp#27;[0m&amp#27;[32mthe API is available&amp#27;[0m                                                                       &amp#27;[90m# stepDefinations.HS_POST_STEPS.the_api_is_available()&amp#27;[0m
  &amp#27;[32mWhen &amp#27;[0m&amp#27;[32mI send a POST request to &amp#27;[0m&amp#27;[32m&amp#27;[1m"/substances/findByKeys"&amp#27;[0m&amp#27;[32m endpoint with the following request body:&amp#27;[0m &amp#27;[90m# stepDefinations.HS_POST_STEPS.i_send_a_post_request_to_endpoint_with_the_following_request_body(java.lang.String,java.lang.String)&amp#27;[0m
  &amp#27;[32mThen &amp#27;[0m&amp#27;[32mthe API should return an empty response&amp#27;[0m                                                     &amp#27;[90m# stepDefinations.HS_POST_STEPS.the_api_should_return_an_empty_response()&amp#27;[0m
  &amp#27;[32mAnd &amp#27;[0m&amp#27;[32mthe response status code should be &amp#27;[0m&amp#27;[32m&amp#27;[1m200&amp#27;[0m                                                       &amp#27;[90m# stepDefinations.HS_POST_STEPS.the_response_status_code_should_be(java.lang.Integer)&amp#27;[0m
  &amp#27;[32mAnd &amp#27;[0m&amp#27;[32mthe response should match the schema &amp#27;[0m&amp#27;[32m&amp#27;[1m"HS_emptySchema.json"&amp#27;[0m                                   &amp#27;[90m# stepDefinations.HS_POST_STEPS.the_response_should_match_the_schema(java.lang.String)&amp#27;[0m
]]></system-out>
  </testcase>
  <testcase name="Verify empty result for non-existent keys" classname="Testing POST API" time="0.394">
    <system-out><![CDATA[
Scenario Outline: Verify empty result for non-existent keys                                        &amp#27;[90m# src/test/resources/features/HS_POST_API.feature:43&amp#27;[0m
  &amp#27;[32mGiven &amp#27;[0m&amp#27;[32mthe API is available&amp#27;[0m                                                                       &amp#27;[90m# stepDefinations.HS_POST_STEPS.the_api_is_available()&amp#27;[0m
  &amp#27;[32mWhen &amp#27;[0m&amp#27;[32mI send a POST request to &amp#27;[0m&amp#27;[32m&amp#27;[1m"/substances/findByKeys"&amp#27;[0m&amp#27;[32m endpoint with the following request body:&amp#27;[0m &amp#27;[90m# stepDefinations.HS_POST_STEPS.i_send_a_post_request_to_endpoint_with_the_following_request_body(java.lang.String,java.lang.String)&amp#27;[0m
  &amp#27;[32mThen &amp#27;[0m&amp#27;[32mthe API should return an empty response&amp#27;[0m                                                     &amp#27;[90m# stepDefinations.HS_POST_STEPS.the_api_should_return_an_empty_response()&amp#27;[0m
  &amp#27;[32mAnd &amp#27;[0m&amp#27;[32mthe response status code should be &amp#27;[0m&amp#27;[32m&amp#27;[1m200&amp#27;[0m                                                       &amp#27;[90m# stepDefinations.HS_POST_STEPS.the_response_status_code_should_be(java.lang.Integer)&amp#27;[0m
  &amp#27;[32mAnd &amp#27;[0m&amp#27;[32mthe response should match the schema &amp#27;[0m&amp#27;[32m&amp#27;[1m"HS_emptySchema.json"&amp#27;[0m                                   &amp#27;[90m# stepDefinations.HS_POST_STEPS.the_response_should_match_the_schema(java.lang.String)&amp#27;[0m
]]></system-out>
  </testcase>
  <testcase name="Send a POST request with an invalid format for the request body" classname="Testing POST API" time="0.237">
    <system-out><![CDATA[
Scenario Outline: Send a POST request with an invalid format for the request body                  &amp#27;[90m# src/test/resources/features/HS_POST_API.feature:57&amp#27;[0m
  &amp#27;[32mGiven &amp#27;[0m&amp#27;[32mthe API is available&amp#27;[0m                                                                       &amp#27;[90m# stepDefinations.HS_POST_STEPS.the_api_is_available()&amp#27;[0m
  &amp#27;[32mWhen &amp#27;[0m&amp#27;[32mI send a POST request to &amp#27;[0m&amp#27;[32m&amp#27;[1m"/substances/findByKeys"&amp#27;[0m&amp#27;[32m endpoint with the following request body:&amp#27;[0m &amp#27;[90m# stepDefinations.HS_POST_STEPS.i_send_a_post_request_to_endpoint_with_the_following_request_body(java.lang.String,java.lang.String)&amp#27;[0m
  &amp#27;[32mThen &amp#27;[0m&amp#27;[32mthe API should return an empty response&amp#27;[0m                                                     &amp#27;[90m# stepDefinations.HS_POST_STEPS.the_api_should_return_an_empty_response()&amp#27;[0m
  &amp#27;[32mAnd &amp#27;[0m&amp#27;[32mthe response status code should be &amp#27;[0m&amp#27;[32m&amp#27;[1m200&amp#27;[0m                                                       &amp#27;[90m# stepDefinations.HS_POST_STEPS.the_response_status_code_should_be(java.lang.Integer)&amp#27;[0m
  &amp#27;[32mAnd &amp#27;[0m&amp#27;[32mthe response should match the schema &amp#27;[0m&amp#27;[32m&amp#27;[1m"HS_emptySchema.json"&amp#27;[0m                                   &amp#27;[90m# stepDefinations.HS_POST_STEPS.the_response_should_match_the_schema(java.lang.String)&amp#27;[0m
]]></system-out>
  </testcase>
  <testcase name="Verify that the Content-Type header in the POST request is set to &quot;application/json&quot;" classname="Testing POST API" time="0.593">
    <system-out><![CDATA[
Scenario Outline: Verify that the Content-Type header in the POST request is set to "application/json"                                                      &amp#27;[90m# src/test/resources/features/HS_POST_API.feature:69&amp#27;[0m
  &amp#27;[32mGiven &amp#27;[0m&amp#27;[32mthe API is available&amp#27;[0m                                                                                                                                &amp#27;[90m# stepDefinations.HS_POST_STEPS.the_api_is_available()&amp#27;[0m
  &amp#27;[32mWhen &amp#27;[0m&amp#27;[32mI send a POST request to &amp#27;[0m&amp#27;[32m&amp#27;[1m"/substances/findByKeys"&amp#27;[0m&amp#27;[32m endpoint with the following request body in text format &amp#27;[0m&amp#27;[32m&amp#27;[1m"VSK-00000000-0000-0000-0000-000000000001"&amp#27;[0m &amp#27;[90m# stepDefinations.HS_POST_STEPS.i_send_a_post_request_to_endpoint_with_the_following_request_body_in_text_format(java.lang.String,java.lang.String)&amp#27;[0m
  &amp#27;[32mThen &amp#27;[0m&amp#27;[32mthe API should return an error message indicating error message&amp#27;[0m                                                                                      &amp#27;[90m# stepDefinations.HS_POST_STEPS.the_api_should_return_an_error_message_indicating_error_message()&amp#27;[0m
  &amp#27;[32mAnd &amp#27;[0m&amp#27;[32mthe response status code should be &amp#27;[0m&amp#27;[32m&amp#27;[1m415&amp#27;[0m                                                                                                                &amp#27;[90m# stepDefinations.HS_POST_STEPS.the_response_status_code_should_be(java.lang.Integer)&amp#27;[0m
]]></system-out>
  </testcase>
</testsuite>